{"/home/itarget/loja_3/controllers/agendaController.js": {"path":"/home/itarget/loja_3/controllers/agendaController.js","statementMap":{"0":{"start":{"line":4,"column":12},"end":{"line":4,"column":70}},"1":{"start":{"line":5,"column":2},"end":{"line":5,"column":107}},"2":{"start":{"line":9,"column":17},"end":{"line":9,"column":42}},"3":{"start":{"line":11,"column":19},"end":{"line":11,"column":96}},"4":{"start":{"line":12,"column":12},"end":{"line":12,"column":28}},"5":{"start":{"line":14,"column":19},"end":{"line":14,"column":43}},"6":{"start":{"line":15,"column":18},"end":{"line":15,"column":23}},"7":{"start":{"line":16,"column":15},"end":{"line":16,"column":19}},"8":{"start":{"line":18,"column":2},"end":{"line":25,"column":3}},"9":{"start":{"line":19,"column":4},"end":{"line":19,"column":22}},"10":{"start":{"line":20,"column":4},"end":{"line":24,"column":5}},"11":{"start":{"line":21,"column":6},"end":{"line":21,"column":23}},"12":{"start":{"line":23,"column":6},"end":{"line":23,"column":32}},"13":{"start":{"line":27,"column":2},"end":{"line":29,"column":3}},"14":{"start":{"line":28,"column":4},"end":{"line":28,"column":108}},"15":{"start":{"line":31,"column":12},"end":{"line":34,"column":3}},"16":{"start":{"line":35,"column":23},"end":{"line":35,"column":48}},"17":{"start":{"line":36,"column":23},"end":{"line":36,"column":61}},"18":{"start":{"line":38,"column":2},"end":{"line":38,"column":121}},"19":{"start":{"line":42,"column":17},"end":{"line":42,"column":42}},"20":{"start":{"line":44,"column":20},"end":{"line":47,"column":3}},"21":{"start":{"line":48,"column":23},"end":{"line":48,"column":25}},"22":{"start":{"line":49,"column":2},"end":{"line":49,"column":61}},"23":{"start":{"line":49,"column":32},"end":{"line":49,"column":57}},"24":{"start":{"line":51,"column":20},"end":{"line":56,"column":19}},"25":{"start":{"line":57,"column":23},"end":{"line":57,"column":25}},"26":{"start":{"line":58,"column":2},"end":{"line":58,"column":77}},"27":{"start":{"line":58,"column":32},"end":{"line":58,"column":73}},"28":{"start":{"line":60,"column":17},"end":{"line":60,"column":19}},"29":{"start":{"line":61,"column":14},"end":{"line":61,"column":44}},"30":{"start":{"line":62,"column":14},"end":{"line":62,"column":41}},"31":{"start":{"line":64,"column":2},"end":{"line":93,"column":3}},"32":{"start":{"line":65,"column":20},"end":{"line":65,"column":50}},"33":{"start":{"line":66,"column":14},"end":{"line":66,"column":35}},"34":{"start":{"line":67,"column":21},"end":{"line":67,"column":45}},"35":{"start":{"line":68,"column":20},"end":{"line":68,"column":25}},"36":{"start":{"line":69,"column":17},"end":{"line":69,"column":21}},"37":{"start":{"line":71,"column":4},"end":{"line":78,"column":5}},"38":{"start":{"line":72,"column":6},"end":{"line":72,"column":24}},"39":{"start":{"line":73,"column":6},"end":{"line":77,"column":7}},"40":{"start":{"line":74,"column":8},"end":{"line":74,"column":25}},"41":{"start":{"line":76,"column":8},"end":{"line":76,"column":34}},"42":{"start":{"line":80,"column":25},"end":{"line":80,"column":51}},"43":{"start":{"line":81,"column":25},"end":{"line":81,"column":79}},"44":{"start":{"line":83,"column":4},"end":{"line":90,"column":6}},"45":{"start":{"line":92,"column":4},"end":{"line":92,"column":35}},"46":{"start":{"line":95,"column":2},"end":{"line":95,"column":16}},"47":{"start":{"line":98,"column":0},"end":{"line":98,"column":42}},"48":{"start":{"line":99,"column":0},"end":{"line":99,"column":48}},"49":{"start":{"line":100,"column":0},"end":{"line":100,"column":58}},"50":{"start":{"line":104,"column":0},"end":{"line":143,"column":2}},"51":{"start":{"line":105,"column":2},"end":{"line":142,"column":3}},"52":{"start":{"line":106,"column":19},"end":{"line":106,"column":48}},"53":{"start":{"line":108,"column":16},"end":{"line":108,"column":69}},"54":{"start":{"line":109,"column":26},"end":{"line":109,"column":52}},"55":{"start":{"line":111,"column":20},"end":{"line":111,"column":54}},"56":{"start":{"line":112,"column":19},"end":{"line":112,"column":30}},"57":{"start":{"line":113,"column":16},"end":{"line":113,"column":47}},"58":{"start":{"line":113,"column":21},"end":{"line":113,"column":47}},"59":{"start":{"line":114,"column":16},"end":{"line":114,"column":40}},"60":{"start":{"line":116,"column":22},"end":{"line":119,"column":5}},"61":{"start":{"line":121,"column":22},"end":{"line":126,"column":21}},"62":{"start":{"line":128,"column":25},"end":{"line":128,"column":27}},"63":{"start":{"line":129,"column":4},"end":{"line":129,"column":79}},"64":{"start":{"line":129,"column":34},"end":{"line":129,"column":75}},"65":{"start":{"line":131,"column":4},"end":{"line":138,"column":7}},"66":{"start":{"line":140,"column":4},"end":{"line":140,"column":45}},"67":{"start":{"line":141,"column":4},"end":{"line":141,"column":82}},"68":{"start":{"line":147,"column":0},"end":{"line":167,"column":2}},"69":{"start":{"line":148,"column":89},"end":{"line":148,"column":97}},"70":{"start":{"line":149,"column":19},"end":{"line":149,"column":62}},"71":{"start":{"line":150,"column":2},"end":{"line":166,"column":3}},"72":{"start":{"line":151,"column":4},"end":{"line":161,"column":7}},"73":{"start":{"line":162,"column":4},"end":{"line":162,"column":58}},"74":{"start":{"line":164,"column":4},"end":{"line":164,"column":56}},"75":{"start":{"line":165,"column":4},"end":{"line":165,"column":62}},"76":{"start":{"line":171,"column":0},"end":{"line":189,"column":2}},"77":{"start":{"line":172,"column":44},"end":{"line":172,"column":52}},"78":{"start":{"line":173,"column":19},"end":{"line":173,"column":90}},"79":{"start":{"line":174,"column":2},"end":{"line":188,"column":3}},"80":{"start":{"line":175,"column":4},"end":{"line":177,"column":5}},"81":{"start":{"line":176,"column":6},"end":{"line":176,"column":69}},"82":{"start":{"line":178,"column":16},"end":{"line":178,"column":91}},"83":{"start":{"line":179,"column":4},"end":{"line":183,"column":36}},"84":{"start":{"line":184,"column":4},"end":{"line":184,"column":58}},"85":{"start":{"line":186,"column":4},"end":{"line":186,"column":55}},"86":{"start":{"line":187,"column":4},"end":{"line":187,"column":59}},"87":{"start":{"line":193,"column":0},"end":{"line":203,"column":2}},"88":{"start":{"line":194,"column":19},"end":{"line":194,"column":29}},"89":{"start":{"line":195,"column":14},"end":{"line":195,"column":76}},"90":{"start":{"line":196,"column":2},"end":{"line":202,"column":3}},"91":{"start":{"line":197,"column":4},"end":{"line":197,"column":84}},"92":{"start":{"line":198,"column":4},"end":{"line":198,"column":53}},"93":{"start":{"line":200,"column":4},"end":{"line":200,"column":56}},"94":{"start":{"line":201,"column":4},"end":{"line":201,"column":58}},"95":{"start":{"line":207,"column":0},"end":{"line":224,"column":2}},"96":{"start":{"line":208,"column":2},"end":{"line":223,"column":3}},"97":{"start":{"line":209,"column":16},"end":{"line":209,"column":69}},"98":{"start":{"line":210,"column":26},"end":{"line":210,"column":52}},"99":{"start":{"line":211,"column":4},"end":{"line":211,"column":90}},"100":{"start":{"line":211,"column":25},"end":{"line":211,"column":90}},"101":{"start":{"line":213,"column":16},"end":{"line":213,"column":47}},"102":{"start":{"line":213,"column":21},"end":{"line":213,"column":47}},"103":{"start":{"line":214,"column":20},"end":{"line":214,"column":54}},"104":{"start":{"line":215,"column":19},"end":{"line":215,"column":30}},"105":{"start":{"line":216,"column":16},"end":{"line":216,"column":40}},"106":{"start":{"line":218,"column":28},"end":{"line":218,"column":78}},"107":{"start":{"line":219,"column":4},"end":{"line":219,"column":49}},"108":{"start":{"line":221,"column":4},"end":{"line":221,"column":52}},"109":{"start":{"line":222,"column":4},"end":{"line":222,"column":62}},"110":{"start":{"line":228,"column":0},"end":{"line":240,"column":2}},"111":{"start":{"line":229,"column":2},"end":{"line":239,"column":3}},"112":{"start":{"line":230,"column":21},"end":{"line":230,"column":30}},"113":{"start":{"line":231,"column":4},"end":{"line":233,"column":5}},"114":{"start":{"line":232,"column":6},"end":{"line":232,"column":72}},"115":{"start":{"line":234,"column":17},"end":{"line":234,"column":55}},"116":{"start":{"line":235,"column":4},"end":{"line":235,"column":42}},"117":{"start":{"line":237,"column":4},"end":{"line":237,"column":58}},"118":{"start":{"line":238,"column":4},"end":{"line":238,"column":62}}},"fnMap":{"0":{"name":"getAgendaConfig","decl":{"start":{"line":3,"column":15},"end":{"line":3,"column":30}},"loc":{"start":{"line":3,"column":35},"end":{"line":6,"column":1}},"line":3},"1":{"name":"getDisponibilidade","decl":{"start":{"line":8,"column":15},"end":{"line":8,"column":33}},"loc":{"start":{"line":8,"column":44},"end":{"line":39,"column":1}},"line":8},"2":{"name":"getDisponibilidadeRange","decl":{"start":{"line":41,"column":15},"end":{"line":41,"column":38}},"loc":{"start":{"line":41,"column":56},"end":{"line":96,"column":1}},"line":41},"3":{"name":"(anonymous_3)","decl":{"start":{"line":49,"column":25},"end":{"line":49,"column":26}},"loc":{"start":{"line":49,"column":30},"end":{"line":49,"column":59}},"line":49},"4":{"name":"(anonymous_4)","decl":{"start":{"line":58,"column":25},"end":{"line":58,"column":26}},"loc":{"start":{"line":58,"column":30},"end":{"line":58,"column":75}},"line":58},"5":{"name":"(anonymous_5)","decl":{"start":{"line":104,"column":23},"end":{"line":104,"column":24}},"loc":{"start":{"line":104,"column":43},"end":{"line":143,"column":1}},"line":104},"6":{"name":"(anonymous_6)","decl":{"start":{"line":113,"column":16},"end":{"line":113,"column":17}},"loc":{"start":{"line":113,"column":21},"end":{"line":113,"column":47}},"line":113},"7":{"name":"(anonymous_7)","decl":{"start":{"line":129,"column":27},"end":{"line":129,"column":28}},"loc":{"start":{"line":129,"column":32},"end":{"line":129,"column":77}},"line":129},"8":{"name":"(anonymous_8)","decl":{"start":{"line":147,"column":23},"end":{"line":147,"column":24}},"loc":{"start":{"line":147,"column":43},"end":{"line":167,"column":1}},"line":147},"9":{"name":"(anonymous_9)","decl":{"start":{"line":171,"column":20},"end":{"line":171,"column":21}},"loc":{"start":{"line":171,"column":40},"end":{"line":189,"column":1}},"line":171},"10":{"name":"(anonymous_10)","decl":{"start":{"line":193,"column":21},"end":{"line":193,"column":22}},"loc":{"start":{"line":193,"column":41},"end":{"line":203,"column":1}},"line":193},"11":{"name":"(anonymous_11)","decl":{"start":{"line":207,"column":29},"end":{"line":207,"column":30}},"loc":{"start":{"line":207,"column":49},"end":{"line":224,"column":1}},"line":207},"12":{"name":"(anonymous_12)","decl":{"start":{"line":213,"column":16},"end":{"line":213,"column":17}},"loc":{"start":{"line":213,"column":21},"end":{"line":213,"column":47}},"line":213},"13":{"name":"(anonymous_13)","decl":{"start":{"line":228,"column":35},"end":{"line":228,"column":36}},"loc":{"start":{"line":228,"column":55},"end":{"line":240,"column":1}},"line":228}},"branchMap":{"0":{"loc":{"start":{"line":5,"column":9},"end":{"line":5,"column":106}},"type":"binary-expr","locations":[{"start":{"line":5,"column":9},"end":{"line":5,"column":18}},{"start":{"line":5,"column":22},"end":{"line":5,"column":106}}],"line":5},"1":{"loc":{"start":{"line":18,"column":2},"end":{"line":25,"column":3}},"type":"if","locations":[{"start":{"line":18,"column":2},"end":{"line":25,"column":3}},{"start":{},"end":{}}],"line":18},"2":{"loc":{"start":{"line":20,"column":4},"end":{"line":24,"column":5}},"type":"if","locations":[{"start":{"line":20,"column":4},"end":{"line":24,"column":5}},{"start":{"line":22,"column":11},"end":{"line":24,"column":5}}],"line":20},"3":{"loc":{"start":{"line":20,"column":8},"end":{"line":20,"column":51}},"type":"binary-expr","locations":[{"start":{"line":20,"column":8},"end":{"line":20,"column":29}},{"start":{"line":20,"column":33},"end":{"line":20,"column":51}}],"line":20},"4":{"loc":{"start":{"line":27,"column":2},"end":{"line":29,"column":3}},"type":"if","locations":[{"start":{"line":27,"column":2},"end":{"line":29,"column":3}},{"start":{},"end":{}}],"line":27},"5":{"loc":{"start":{"line":71,"column":4},"end":{"line":78,"column":5}},"type":"if","locations":[{"start":{"line":71,"column":4},"end":{"line":78,"column":5}},{"start":{},"end":{}}],"line":71},"6":{"loc":{"start":{"line":73,"column":6},"end":{"line":77,"column":7}},"type":"if","locations":[{"start":{"line":73,"column":6},"end":{"line":77,"column":7}},{"start":{"line":75,"column":13},"end":{"line":77,"column":7}}],"line":73},"7":{"loc":{"start":{"line":73,"column":10},"end":{"line":73,"column":53}},"type":"binary-expr","locations":[{"start":{"line":73,"column":10},"end":{"line":73,"column":31}},{"start":{"line":73,"column":35},"end":{"line":73,"column":53}}],"line":73},"8":{"loc":{"start":{"line":80,"column":25},"end":{"line":80,"column":51}},"type":"binary-expr","locations":[{"start":{"line":80,"column":25},"end":{"line":80,"column":46}},{"start":{"line":80,"column":50},"end":{"line":80,"column":51}}],"line":80},"9":{"loc":{"start":{"line":81,"column":25},"end":{"line":81,"column":79}},"type":"cond-expr","locations":[{"start":{"line":81,"column":37},"end":{"line":81,"column":38}},{"start":{"line":81,"column":41},"end":{"line":81,"column":79}}],"line":81},"10":{"loc":{"start":{"line":84,"column":18},"end":{"line":84,"column":48}},"type":"binary-expr","locations":[{"start":{"line":84,"column":18},"end":{"line":84,"column":28}},{"start":{"line":84,"column":32},"end":{"line":84,"column":48}}],"line":84},"11":{"loc":{"start":{"line":85,"column":19},"end":{"line":85,"column":45}},"type":"cond-expr","locations":[{"start":{"line":85,"column":31},"end":{"line":85,"column":32}},{"start":{"line":85,"column":35},"end":{"line":85,"column":45}}],"line":85},"12":{"loc":{"start":{"line":108,"column":16},"end":{"line":108,"column":69}},"type":"binary-expr","locations":[{"start":{"line":108,"column":16},"end":{"line":108,"column":29}},{"start":{"line":108,"column":33},"end":{"line":108,"column":69}}],"line":108},"13":{"loc":{"start":{"line":137,"column":12},"end":{"line":137,"column":34}},"type":"binary-expr","locations":[{"start":{"line":137,"column":12},"end":{"line":137,"column":26}},{"start":{"line":137,"column":30},"end":{"line":137,"column":34}}],"line":137},"14":{"loc":{"start":{"line":149,"column":19},"end":{"line":149,"column":62}},"type":"binary-expr","locations":[{"start":{"line":149,"column":19},"end":{"line":149,"column":22}},{"start":{"line":149,"column":26},"end":{"line":149,"column":62}}],"line":149},"15":{"loc":{"start":{"line":158,"column":18},"end":{"line":158,"column":50}},"type":"binary-expr","locations":[{"start":{"line":158,"column":18},"end":{"line":158,"column":45}},{"start":{"line":158,"column":49},"end":{"line":158,"column":50}}],"line":158},"16":{"loc":{"start":{"line":159,"column":18},"end":{"line":159,"column":57}},"type":"binary-expr","locations":[{"start":{"line":159,"column":18},"end":{"line":159,"column":52}},{"start":{"line":159,"column":56},"end":{"line":159,"column":57}}],"line":159},"17":{"loc":{"start":{"line":160,"column":18},"end":{"line":160,"column":59}},"type":"binary-expr","locations":[{"start":{"line":160,"column":18},"end":{"line":160,"column":52}},{"start":{"line":160,"column":56},"end":{"line":160,"column":59}}],"line":160},"18":{"loc":{"start":{"line":173,"column":19},"end":{"line":173,"column":90}},"type":"binary-expr","locations":[{"start":{"line":173,"column":19},"end":{"line":173,"column":22}},{"start":{"line":173,"column":27},"end":{"line":173,"column":89}}],"line":173},"19":{"loc":{"start":{"line":173,"column":27},"end":{"line":173,"column":89}},"type":"cond-expr","locations":[{"start":{"line":173,"column":34},"end":{"line":173,"column":50}},{"start":{"line":173,"column":53},"end":{"line":173,"column":89}}],"line":173},"20":{"loc":{"start":{"line":175,"column":4},"end":{"line":177,"column":5}},"type":"if","locations":[{"start":{"line":175,"column":4},"end":{"line":177,"column":5}},{"start":{},"end":{}}],"line":175},"21":{"loc":{"start":{"line":175,"column":8},"end":{"line":175,"column":50}},"type":"binary-expr","locations":[{"start":{"line":175,"column":8},"end":{"line":175,"column":13}},{"start":{"line":175,"column":17},"end":{"line":175,"column":50}}],"line":175},"22":{"loc":{"start":{"line":178,"column":16},"end":{"line":178,"column":91}},"type":"cond-expr","locations":[{"start":{"line":178,"column":64},"end":{"line":178,"column":68}},{"start":{"line":178,"column":71},"end":{"line":178,"column":91}}],"line":178},"23":{"loc":{"start":{"line":178,"column":16},"end":{"line":178,"column":61}},"type":"binary-expr","locations":[{"start":{"line":178,"column":16},"end":{"line":178,"column":33}},{"start":{"line":178,"column":37},"end":{"line":178,"column":61}}],"line":178},"24":{"loc":{"start":{"line":183,"column":19},"end":{"line":183,"column":33}},"type":"binary-expr","locations":[{"start":{"line":183,"column":19},"end":{"line":183,"column":25}},{"start":{"line":183,"column":29},"end":{"line":183,"column":33}}],"line":183},"25":{"loc":{"start":{"line":195,"column":14},"end":{"line":195,"column":76}},"type":"cond-expr","locations":[{"start":{"line":195,"column":21},"end":{"line":195,"column":37}},{"start":{"line":195,"column":40},"end":{"line":195,"column":76}}],"line":195},"26":{"loc":{"start":{"line":209,"column":16},"end":{"line":209,"column":69}},"type":"binary-expr","locations":[{"start":{"line":209,"column":16},"end":{"line":209,"column":29}},{"start":{"line":209,"column":33},"end":{"line":209,"column":69}}],"line":209},"27":{"loc":{"start":{"line":211,"column":4},"end":{"line":211,"column":90}},"type":"if","locations":[{"start":{"line":211,"column":4},"end":{"line":211,"column":90}},{"start":{},"end":{}}],"line":211},"28":{"loc":{"start":{"line":211,"column":8},"end":{"line":211,"column":23}},"type":"binary-expr","locations":[{"start":{"line":211,"column":8},"end":{"line":211,"column":12}},{"start":{"line":211,"column":16},"end":{"line":211,"column":23}}],"line":211},"29":{"loc":{"start":{"line":231,"column":4},"end":{"line":233,"column":5}},"type":"if","locations":[{"start":{"line":231,"column":4},"end":{"line":233,"column":5}},{"start":{},"end":{}}],"line":231},"30":{"loc":{"start":{"line":231,"column":8},"end":{"line":231,"column":50}},"type":"binary-expr","locations":[{"start":{"line":231,"column":8},"end":{"line":231,"column":13}},{"start":{"line":231,"column":17},"end":{"line":231,"column":50}}],"line":231}},"s":{"0":0,"1":0,"2":0,"3":0,"4":0,"5":0,"6":0,"7":0,"8":0,"9":0,"10":0,"11":0,"12":0,"13":0,"14":0,"15":0,"16":0,"17":0,"18":0,"19":0,"20":0,"21":0,"22":0,"23":0,"24":0,"25":0,"26":0,"27":0,"28":0,"29":0,"30":0,"31":0,"32":0,"33":0,"34":0,"35":0,"36":0,"37":0,"38":0,"39":0,"40":0,"41":0,"42":0,"43":0,"44":0,"45":0,"46":0,"47":0,"48":0,"49":0,"50":0,"51":0,"52":0,"53":0,"54":0,"55":0,"56":0,"57":0,"58":0,"59":0,"60":0,"61":0,"62":0,"63":0,"64":0,"65":0,"66":0,"67":0,"68":0,"69":0,"70":0,"71":0,"72":0,"73":0,"74":0,"75":0,"76":0,"77":0,"78":0,"79":0,"80":0,"81":0,"82":0,"83":0,"84":0,"85":0,"86":0,"87":0,"88":0,"89":0,"90":0,"91":0,"92":0,"93":0,"94":0,"95":0,"96":0,"97":0,"98":0,"99":0,"100":0,"101":0,"102":0,"103":0,"104":0,"105":0,"106":0,"107":0,"108":0,"109":0,"110":0,"111":0,"112":0,"113":0,"114":0,"115":0,"116":0,"117":0,"118":0},"f":{"0":0,"1":0,"2":0,"3":0,"4":0,"5":0,"6":0,"7":0,"8":0,"9":0,"10":0,"11":0,"12":0,"13":0},"b":{"0":[0,0],"1":[0,0],"2":[0,0],"3":[0,0],"4":[0,0],"5":[0,0],"6":[0,0],"7":[0,0],"8":[0,0],"9":[0,0],"10":[0,0],"11":[0,0],"12":[0,0],"13":[0,0],"14":[0,0],"15":[0,0],"16":[0,0],"17":[0,0],"18":[0,0],"19":[0,0],"20":[0,0],"21":[0,0],"22":[0,0],"23":[0,0],"24":[0,0],"25":[0,0],"26":[0,0],"27":[0,0],"28":[0,0],"29":[0,0],"30":[0,0]}}
,"/home/itarget/loja_3/controllers/aparenciaController.js": {"path":"/home/itarget/loja_3/controllers/aparenciaController.js","statementMap":{"0":{"start":{"line":1,"column":0},"end":{"line":17,"column":2}},"1":{"start":{"line":2,"column":2},"end":{"line":16,"column":3}},"2":{"start":{"line":3,"column":14},"end":{"line":5,"column":5}},"3":{"start":{"line":6,"column":16},"end":{"line":6,"column":18}},"4":{"start":{"line":7,"column":4},"end":{"line":7,"column":59}},"5":{"start":{"line":7,"column":28},"end":{"line":7,"column":55}},"6":{"start":{"line":8,"column":4},"end":{"line":12,"column":7}},"7":{"start":{"line":14,"column":4},"end":{"line":14,"column":42}},"8":{"start":{"line":15,"column":4},"end":{"line":15,"column":27}},"9":{"start":{"line":19,"column":0},"end":{"line":50,"column":2}},"10":{"start":{"line":20,"column":96},"end":{"line":20,"column":104}},"11":{"start":{"line":22,"column":16},"end":{"line":29,"column":3}},"12":{"start":{"line":31,"column":2},"end":{"line":33,"column":3}},"13":{"start":{"line":32,"column":4},"end":{"line":32,"column":71}},"14":{"start":{"line":34,"column":2},"end":{"line":36,"column":3}},"15":{"start":{"line":35,"column":4},"end":{"line":35,"column":77}},"16":{"start":{"line":38,"column":2},"end":{"line":49,"column":3}},"17":{"start":{"line":39,"column":4},"end":{"line":44,"column":5}},"18":{"start":{"line":40,"column":6},"end":{"line":43,"column":25}},"19":{"start":{"line":45,"column":4},"end":{"line":45,"column":45}},"20":{"start":{"line":47,"column":4},"end":{"line":47,"column":52}},"21":{"start":{"line":48,"column":4},"end":{"line":48,"column":37}}},"fnMap":{"0":{"name":"(anonymous_0)","decl":{"start":{"line":1,"column":17},"end":{"line":1,"column":18}},"loc":{"start":{"line":1,"column":37},"end":{"line":17,"column":1}},"line":1},"1":{"name":"(anonymous_1)","decl":{"start":{"line":7,"column":19},"end":{"line":7,"column":20}},"loc":{"start":{"line":7,"column":26},"end":{"line":7,"column":57}},"line":7},"2":{"name":"(anonymous_2)","decl":{"start":{"line":19,"column":17},"end":{"line":19,"column":18}},"loc":{"start":{"line":19,"column":37},"end":{"line":50,"column":1}},"line":19}},"branchMap":{"0":{"loc":{"start":{"line":23,"column":28},"end":{"line":23,"column":43}},"type":"binary-expr","locations":[{"start":{"line":23,"column":28},"end":{"line":23,"column":37}},{"start":{"line":23,"column":41},"end":{"line":23,"column":43}}],"line":23},"1":{"loc":{"start":{"line":24,"column":28},"end":{"line":24,"column":45}},"type":"binary-expr","locations":[{"start":{"line":24,"column":28},"end":{"line":24,"column":39}},{"start":{"line":24,"column":43},"end":{"line":24,"column":45}}],"line":24},"2":{"loc":{"start":{"line":25,"column":27},"end":{"line":25,"column":57}},"type":"binary-expr","locations":[{"start":{"line":25,"column":27},"end":{"line":25,"column":44}},{"start":{"line":25,"column":48},"end":{"line":25,"column":57}}],"line":25},"3":{"loc":{"start":{"line":26,"column":28},"end":{"line":26,"column":45}},"type":"binary-expr","locations":[{"start":{"line":26,"column":28},"end":{"line":26,"column":39}},{"start":{"line":26,"column":43},"end":{"line":26,"column":45}}],"line":26},"4":{"loc":{"start":{"line":27,"column":28},"end":{"line":27,"column":44}},"type":"binary-expr","locations":[{"start":{"line":27,"column":28},"end":{"line":27,"column":38}},{"start":{"line":27,"column":42},"end":{"line":27,"column":44}}],"line":27},"5":{"loc":{"start":{"line":28,"column":28},"end":{"line":28,"column":47}},"type":"binary-expr","locations":[{"start":{"line":28,"column":28},"end":{"line":28,"column":41}},{"start":{"line":28,"column":45},"end":{"line":28,"column":47}}],"line":28},"6":{"loc":{"start":{"line":31,"column":2},"end":{"line":33,"column":3}},"type":"if","locations":[{"start":{"line":31,"column":2},"end":{"line":33,"column":3}},{"start":{},"end":{}}],"line":31},"7":{"loc":{"start":{"line":34,"column":2},"end":{"line":36,"column":3}},"type":"if","locations":[{"start":{"line":34,"column":2},"end":{"line":36,"column":3}},{"start":{},"end":{}}],"line":34}},"s":{"0":0,"1":0,"2":0,"3":0,"4":0,"5":0,"6":0,"7":0,"8":0,"9":0,"10":0,"11":0,"12":0,"13":0,"14":0,"15":0,"16":0,"17":0,"18":0,"19":0,"20":0,"21":0},"f":{"0":0,"1":0,"2":0},"b":{"0":[0,0],"1":[0,0],"2":[0,0],"3":[0,0],"4":[0,0],"5":[0,0],"6":[0,0],"7":[0,0]}}
,"/home/itarget/loja_3/controllers/authController.js": {"path":"/home/itarget/loja_3/controllers/authController.js","statementMap":{"0":{"start":{"line":1,"column":15},"end":{"line":1,"column":32}},"1":{"start":{"line":2,"column":15},"end":{"line":2,"column":32}},"2":{"start":{"line":3,"column":58},"end":{"line":3,"column":93}},"3":{"start":{"line":4,"column":46},"end":{"line":4,"column":79}},"4":{"start":{"line":6,"column":23},"end":{"line":6,"column":70}},"5":{"start":{"line":7,"column":21},"end":{"line":7,"column":65}},"6":{"start":{"line":8,"column":22},"end":{"line":8,"column":73}},"7":{"start":{"line":10,"column":23},"end":{"line":15,"column":1}},"8":{"start":{"line":19,"column":0},"end":{"line":22,"column":2}},"9":{"start":{"line":20,"column":2},"end":{"line":20,"column":76}},"10":{"start":{"line":21,"column":2},"end":{"line":21,"column":26}},"11":{"start":{"line":24,"column":0},"end":{"line":112,"column":2}},"12":{"start":{"line":25,"column":27},"end":{"line":25,"column":35}},"13":{"start":{"line":26,"column":13},"end":{"line":26,"column":19}},"14":{"start":{"line":28,"column":2},"end":{"line":30,"column":3}},"15":{"start":{"line":29,"column":4},"end":{"line":29,"column":86}},"16":{"start":{"line":32,"column":2},"end":{"line":111,"column":3}},"17":{"start":{"line":34,"column":19},"end":{"line":37,"column":5}},"18":{"start":{"line":38,"column":4},"end":{"line":44,"column":5}},"19":{"start":{"line":39,"column":22},"end":{"line":39,"column":94}},"20":{"start":{"line":40,"column":6},"end":{"line":43,"column":9}},"21":{"start":{"line":46,"column":22},"end":{"line":49,"column":5}},"22":{"start":{"line":51,"column":20},"end":{"line":51,"column":37}},"23":{"start":{"line":54,"column":4},"end":{"line":60,"column":5}},"24":{"start":{"line":55,"column":22},"end":{"line":55,"column":87}},"25":{"start":{"line":56,"column":6},"end":{"line":59,"column":9}},"26":{"start":{"line":62,"column":25},"end":{"line":62,"column":89}},"27":{"start":{"line":64,"column":4},"end":{"line":77,"column":5}},"28":{"start":{"line":65,"column":6},"end":{"line":65,"column":55}},"29":{"start":{"line":66,"column":6},"end":{"line":66,"column":69}},"30":{"start":{"line":66,"column":19},"end":{"line":66,"column":69}},"31":{"start":{"line":68,"column":25},"end":{"line":68,"column":61}},"32":{"start":{"line":69,"column":24},"end":{"line":69,"column":51}},"33":{"start":{"line":71,"column":6},"end":{"line":76,"column":9}},"34":{"start":{"line":80,"column":4},"end":{"line":80,"column":51}},"35":{"start":{"line":83,"column":23},"end":{"line":83,"column":45}},"36":{"start":{"line":86,"column":4},"end":{"line":88,"column":7}},"37":{"start":{"line":87,"column":6},"end":{"line":87,"column":71}},"38":{"start":{"line":87,"column":39},"end":{"line":87,"column":68}},"39":{"start":{"line":90,"column":4},"end":{"line":90,"column":56}},"40":{"start":{"line":90,"column":20},"end":{"line":90,"column":56}},"41":{"start":{"line":91,"column":4},"end":{"line":91,"column":39}},"42":{"start":{"line":92,"column":4},"end":{"line":92,"column":36}},"43":{"start":{"line":93,"column":4},"end":{"line":93,"column":38}},"44":{"start":{"line":94,"column":4},"end":{"line":94,"column":36}},"45":{"start":{"line":97,"column":4},"end":{"line":99,"column":7}},"46":{"start":{"line":98,"column":6},"end":{"line":98,"column":65}},"47":{"start":{"line":98,"column":33},"end":{"line":98,"column":62}},"48":{"start":{"line":102,"column":4},"end":{"line":102,"column":96}},"49":{"start":{"line":104,"column":20},"end":{"line":104,"column":95}},"50":{"start":{"line":105,"column":4},"end":{"line":105,"column":40}},"51":{"start":{"line":107,"column":4},"end":{"line":107,"column":26}},"52":{"start":{"line":109,"column":4},"end":{"line":109,"column":41}},"53":{"start":{"line":110,"column":4},"end":{"line":110,"column":86}},"54":{"start":{"line":116,"column":0},"end":{"line":127,"column":2}},"55":{"start":{"line":118,"column":21},"end":{"line":118,"column":43}},"56":{"start":{"line":119,"column":2},"end":{"line":119,"column":31}},"57":{"start":{"line":120,"column":2},"end":{"line":120,"column":26}},"58":{"start":{"line":121,"column":2},"end":{"line":121,"column":27}},"59":{"start":{"line":122,"column":2},"end":{"line":122,"column":26}},"60":{"start":{"line":123,"column":2},"end":{"line":123,"column":38}},"61":{"start":{"line":124,"column":2},"end":{"line":124,"column":26}},"62":{"start":{"line":125,"column":2},"end":{"line":125,"column":54}},"63":{"start":{"line":125,"column":18},"end":{"line":125,"column":54}},"64":{"start":{"line":126,"column":2},"end":{"line":126,"column":49}},"65":{"start":{"line":126,"column":25},"end":{"line":126,"column":47}},"66":{"start":{"line":131,"column":0},"end":{"line":133,"column":2}},"67":{"start":{"line":132,"column":2},"end":{"line":132,"column":101}},"68":{"start":{"line":135,"column":0},"end":{"line":200,"column":2}},"69":{"start":{"line":136,"column":37},"end":{"line":136,"column":45}},"70":{"start":{"line":137,"column":15},"end":{"line":137,"column":38}},"71":{"start":{"line":138,"column":15},"end":{"line":138,"column":52}},"72":{"start":{"line":140,"column":2},"end":{"line":199,"column":3}},"73":{"start":{"line":141,"column":18},"end":{"line":141,"column":22}},"74":{"start":{"line":143,"column":4},"end":{"line":155,"column":5}},"75":{"start":{"line":144,"column":16},"end":{"line":147,"column":7}},"76":{"start":{"line":148,"column":6},"end":{"line":148,"column":26}},"77":{"start":{"line":149,"column":11},"end":{"line":155,"column":5}},"78":{"start":{"line":150,"column":16},"end":{"line":153,"column":7}},"79":{"start":{"line":154,"column":6},"end":{"line":154,"column":26}},"80":{"start":{"line":158,"column":24},"end":{"line":160,"column":78}},"81":{"start":{"line":162,"column":4},"end":{"line":164,"column":5}},"82":{"start":{"line":163,"column":6},"end":{"line":163,"column":74}},"83":{"start":{"line":167,"column":4},"end":{"line":170,"column":6}},"84":{"start":{"line":172,"column":23},"end":{"line":172,"column":61}},"85":{"start":{"line":173,"column":22},"end":{"line":173,"column":82}},"86":{"start":{"line":174,"column":22},"end":{"line":174,"column":70}},"87":{"start":{"line":176,"column":4},"end":{"line":180,"column":6}},"88":{"start":{"line":182,"column":4},"end":{"line":193,"column":5}},"89":{"start":{"line":183,"column":21},"end":{"line":183,"column":57}},"90":{"start":{"line":185,"column":6},"end":{"line":186,"column":91}},"91":{"start":{"line":187,"column":6},"end":{"line":190,"column":8}},"92":{"start":{"line":192,"column":6},"end":{"line":192,"column":76}},"93":{"start":{"line":195,"column":4},"end":{"line":195,"column":65}},"94":{"start":{"line":197,"column":4},"end":{"line":197,"column":47}},"95":{"start":{"line":198,"column":4},"end":{"line":198,"column":88}},"96":{"start":{"line":202,"column":0},"end":{"line":217,"column":2}},"97":{"start":{"line":203,"column":20},"end":{"line":203,"column":30}},"98":{"start":{"line":204,"column":20},"end":{"line":204,"column":75}},"99":{"start":{"line":206,"column":12},"end":{"line":210,"column":3}},"100":{"start":{"line":212,"column":2},"end":{"line":214,"column":3}},"101":{"start":{"line":213,"column":4},"end":{"line":213,"column":98}},"102":{"start":{"line":216,"column":2},"end":{"line":216,"column":61}},"103":{"start":{"line":219,"column":0},"end":{"line":256,"column":2}},"104":{"start":{"line":220,"column":20},"end":{"line":220,"column":30}},"105":{"start":{"line":221,"column":33},"end":{"line":221,"column":41}},"106":{"start":{"line":223,"column":2},"end":{"line":225,"column":3}},"107":{"start":{"line":224,"column":4},"end":{"line":224,"column":108}},"108":{"start":{"line":226,"column":2},"end":{"line":228,"column":3}},"109":{"start":{"line":227,"column":4},"end":{"line":227,"column":92}},"110":{"start":{"line":230,"column":20},"end":{"line":230,"column":75}},"111":{"start":{"line":232,"column":2},"end":{"line":255,"column":3}},"112":{"start":{"line":233,"column":14},"end":{"line":237,"column":5}},"113":{"start":{"line":239,"column":4},"end":{"line":241,"column":5}},"114":{"start":{"line":240,"column":6},"end":{"line":240,"column":100}},"115":{"start":{"line":243,"column":22},"end":{"line":243,"column":62}},"116":{"start":{"line":245,"column":4},"end":{"line":246,"column":41}},"117":{"start":{"line":248,"column":4},"end":{"line":248,"column":99}},"118":{"start":{"line":250,"column":4},"end":{"line":250,"column":67}},"119":{"start":{"line":251,"column":4},"end":{"line":251,"column":27}},"120":{"start":{"line":253,"column":4},"end":{"line":253,"column":51}},"121":{"start":{"line":254,"column":4},"end":{"line":254,"column":91}},"122":{"start":{"line":260,"column":0},"end":{"line":262,"column":2}},"123":{"start":{"line":261,"column":2},"end":{"line":261,"column":57}},"124":{"start":{"line":264,"column":0},"end":{"line":314,"column":2}},"125":{"start":{"line":268,"column":6},"end":{"line":268,"column":14}},"126":{"start":{"line":270,"column":16},"end":{"line":270,"column":18}},"127":{"start":{"line":271,"column":16},"end":{"line":271,"column":24}},"128":{"start":{"line":273,"column":2},"end":{"line":273,"column":92}},"129":{"start":{"line":273,"column":39},"end":{"line":273,"column":92}},"130":{"start":{"line":274,"column":2},"end":{"line":274,"column":89}},"131":{"start":{"line":274,"column":59},"end":{"line":274,"column":89}},"132":{"start":{"line":275,"column":2},"end":{"line":275,"column":87}},"133":{"start":{"line":275,"column":34},"end":{"line":275,"column":87}},"134":{"start":{"line":276,"column":2},"end":{"line":276,"column":68}},"135":{"start":{"line":276,"column":29},"end":{"line":276,"column":68}},"136":{"start":{"line":277,"column":2},"end":{"line":277,"column":93}},"137":{"start":{"line":277,"column":60},"end":{"line":277,"column":93}},"138":{"start":{"line":278,"column":2},"end":{"line":278,"column":79}},"139":{"start":{"line":278,"column":51},"end":{"line":278,"column":79}},"140":{"start":{"line":279,"column":2},"end":{"line":279,"column":57}},"141":{"start":{"line":279,"column":19},"end":{"line":279,"column":57}},"142":{"start":{"line":280,"column":2},"end":{"line":280,"column":49}},"143":{"start":{"line":280,"column":15},"end":{"line":280,"column":49}},"144":{"start":{"line":281,"column":2},"end":{"line":281,"column":49}},"145":{"start":{"line":281,"column":15},"end":{"line":281,"column":49}},"146":{"start":{"line":282,"column":2},"end":{"line":282,"column":49}},"147":{"start":{"line":282,"column":15},"end":{"line":282,"column":49}},"148":{"start":{"line":283,"column":2},"end":{"line":283,"column":49}},"149":{"start":{"line":283,"column":15},"end":{"line":283,"column":49}},"150":{"start":{"line":285,"column":2},"end":{"line":285,"column":74}},"151":{"start":{"line":285,"column":20},"end":{"line":285,"column":74}},"152":{"start":{"line":287,"column":2},"end":{"line":313,"column":3}},"153":{"start":{"line":288,"column":19},"end":{"line":288,"column":111}},"154":{"start":{"line":289,"column":4},"end":{"line":291,"column":5}},"155":{"start":{"line":290,"column":6},"end":{"line":290,"column":96}},"156":{"start":{"line":293,"column":22},"end":{"line":293,"column":62}},"157":{"start":{"line":294,"column":21},"end":{"line":294,"column":48}},"158":{"start":{"line":295,"column":21},"end":{"line":295,"column":80}},"159":{"start":{"line":297,"column":4},"end":{"line":304,"column":6}},"160":{"start":{"line":306,"column":4},"end":{"line":306,"column":66}},"161":{"start":{"line":306,"column":10},"end":{"line":306,"column":51}},"162":{"start":{"line":308,"column":4},"end":{"line":308,"column":72}},"163":{"start":{"line":309,"column":4},"end":{"line":309,"column":27}},"164":{"start":{"line":311,"column":4},"end":{"line":311,"column":44}},"165":{"start":{"line":312,"column":4},"end":{"line":312,"column":87}},"166":{"start":{"line":318,"column":0},"end":{"line":323,"column":2}},"167":{"start":{"line":319,"column":17},"end":{"line":321,"column":3}},"168":{"start":{"line":322,"column":2},"end":{"line":322,"column":117}},"169":{"start":{"line":325,"column":0},"end":{"line":361,"column":2}},"170":{"start":{"line":326,"column":38},"end":{"line":326,"column":46}},"171":{"start":{"line":328,"column":16},"end":{"line":328,"column":18}},"172":{"start":{"line":329,"column":2},"end":{"line":329,"column":68}},"173":{"start":{"line":329,"column":39},"end":{"line":329,"column":68}},"174":{"start":{"line":330,"column":2},"end":{"line":330,"column":89}},"175":{"start":{"line":330,"column":59},"end":{"line":330,"column":89}},"176":{"start":{"line":331,"column":2},"end":{"line":331,"column":87}},"177":{"start":{"line":331,"column":34},"end":{"line":331,"column":87}},"178":{"start":{"line":332,"column":2},"end":{"line":332,"column":59}},"179":{"start":{"line":332,"column":31},"end":{"line":332,"column":59}},"180":{"start":{"line":334,"column":2},"end":{"line":337,"column":3}},"181":{"start":{"line":335,"column":19},"end":{"line":335,"column":162}},"182":{"start":{"line":336,"column":4},"end":{"line":336,"column":137}},"183":{"start":{"line":339,"column":2},"end":{"line":360,"column":3}},"184":{"start":{"line":340,"column":19},"end":{"line":340,"column":104}},"185":{"start":{"line":341,"column":4},"end":{"line":344,"column":5}},"186":{"start":{"line":342,"column":21},"end":{"line":342,"column":164}},"187":{"start":{"line":343,"column":6},"end":{"line":343,"column":146}},"188":{"start":{"line":346,"column":21},"end":{"line":346,"column":113}},"189":{"start":{"line":347,"column":22},"end":{"line":347,"column":62}},"190":{"start":{"line":349,"column":4},"end":{"line":352,"column":6}},"191":{"start":{"line":354,"column":19},"end":{"line":354,"column":162}},"192":{"start":{"line":355,"column":4},"end":{"line":355,"column":142}},"193":{"start":{"line":357,"column":4},"end":{"line":357,"column":47}},"194":{"start":{"line":358,"column":19},"end":{"line":358,"column":162}},"195":{"start":{"line":359,"column":4},"end":{"line":359,"column":130}},"196":{"start":{"line":363,"column":0},"end":{"line":370,"column":2}},"197":{"start":{"line":364,"column":17},"end":{"line":364,"column":27}},"198":{"start":{"line":365,"column":2},"end":{"line":367,"column":3}},"199":{"start":{"line":366,"column":4},"end":{"line":366,"column":45}},"200":{"start":{"line":368,"column":2},"end":{"line":368,"column":105}},"201":{"start":{"line":369,"column":2},"end":{"line":369,"column":36}},"202":{"start":{"line":372,"column":0},"end":{"line":379,"column":2}},"203":{"start":{"line":373,"column":17},"end":{"line":373,"column":27}},"204":{"start":{"line":374,"column":2},"end":{"line":376,"column":3}},"205":{"start":{"line":375,"column":4},"end":{"line":375,"column":45}},"206":{"start":{"line":377,"column":2},"end":{"line":377,"column":84}},"207":{"start":{"line":378,"column":2},"end":{"line":378,"column":36}},"208":{"start":{"line":384,"column":12},"end":{"line":384,"column":34}},"209":{"start":{"line":385,"column":2},"end":{"line":385,"column":59}},"210":{"start":{"line":385,"column":46},"end":{"line":385,"column":59}},"211":{"start":{"line":386,"column":12},"end":{"line":386,"column":13}},"212":{"start":{"line":387,"column":2},"end":{"line":387,"column":63}},"213":{"start":{"line":387,"column":15},"end":{"line":387,"column":16}},"214":{"start":{"line":387,"column":30},"end":{"line":387,"column":63}},"215":{"start":{"line":388,"column":10},"end":{"line":388,"column":25}},"216":{"start":{"line":389,"column":2},"end":{"line":389,"column":34}},"217":{"start":{"line":389,"column":28},"end":{"line":389,"column":34}},"218":{"start":{"line":390,"column":2},"end":{"line":390,"column":41}},"219":{"start":{"line":390,"column":28},"end":{"line":390,"column":41}},"220":{"start":{"line":391,"column":2},"end":{"line":391,"column":10}},"221":{"start":{"line":392,"column":2},"end":{"line":392,"column":64}},"222":{"start":{"line":392,"column":15},"end":{"line":392,"column":16}},"223":{"start":{"line":392,"column":31},"end":{"line":392,"column":64}},"224":{"start":{"line":393,"column":2},"end":{"line":393,"column":22}},"225":{"start":{"line":394,"column":2},"end":{"line":394,"column":34}},"226":{"start":{"line":394,"column":28},"end":{"line":394,"column":34}},"227":{"start":{"line":395,"column":2},"end":{"line":395,"column":31}},"228":{"start":{"line":401,"column":2},"end":{"line":414,"column":4}},"229":{"start":{"line":418,"column":12},"end":{"line":418,"column":89}},"230":{"start":{"line":419,"column":2},"end":{"line":419,"column":46}},"231":{"start":{"line":423,"column":2},"end":{"line":433,"column":4}},"232":{"start":{"line":437,"column":2},"end":{"line":437,"column":69}},"233":{"start":{"line":438,"column":2},"end":{"line":440,"column":3}},"234":{"start":{"line":439,"column":4},"end":{"line":439,"column":112}}},"fnMap":{"0":{"name":"(anonymous_0)","decl":{"start":{"line":19,"column":22},"end":{"line":19,"column":23}},"loc":{"start":{"line":19,"column":36},"end":{"line":22,"column":1}},"line":19},"1":{"name":"(anonymous_1)","decl":{"start":{"line":24,"column":25},"end":{"line":24,"column":26}},"loc":{"start":{"line":24,"column":45},"end":{"line":112,"column":1}},"line":24},"2":{"name":"(anonymous_2)","decl":{"start":{"line":86,"column":22},"end":{"line":86,"column":23}},"loc":{"start":{"line":86,"column":43},"end":{"line":88,"column":5}},"line":86},"3":{"name":"(anonymous_3)","decl":{"start":{"line":87,"column":29},"end":{"line":87,"column":30}},"loc":{"start":{"line":87,"column":39},"end":{"line":87,"column":68}},"line":87},"4":{"name":"(anonymous_4)","decl":{"start":{"line":97,"column":22},"end":{"line":97,"column":23}},"loc":{"start":{"line":97,"column":43},"end":{"line":99,"column":5}},"line":97},"5":{"name":"(anonymous_5)","decl":{"start":{"line":98,"column":23},"end":{"line":98,"column":24}},"loc":{"start":{"line":98,"column":33},"end":{"line":98,"column":62}},"line":98},"6":{"name":"(anonymous_6)","decl":{"start":{"line":116,"column":17},"end":{"line":116,"column":18}},"loc":{"start":{"line":116,"column":31},"end":{"line":127,"column":1}},"line":116},"7":{"name":"(anonymous_7)","decl":{"start":{"line":126,"column":19},"end":{"line":126,"column":20}},"loc":{"start":{"line":126,"column":25},"end":{"line":126,"column":47}},"line":126},"8":{"name":"(anonymous_8)","decl":{"start":{"line":131,"column":31},"end":{"line":131,"column":32}},"loc":{"start":{"line":131,"column":45},"end":{"line":133,"column":1}},"line":131},"9":{"name":"(anonymous_9)","decl":{"start":{"line":135,"column":34},"end":{"line":135,"column":35}},"loc":{"start":{"line":135,"column":54},"end":{"line":200,"column":1}},"line":135},"10":{"name":"(anonymous_10)","decl":{"start":{"line":202,"column":31},"end":{"line":202,"column":32}},"loc":{"start":{"line":202,"column":51},"end":{"line":217,"column":1}},"line":202},"11":{"name":"(anonymous_11)","decl":{"start":{"line":219,"column":34},"end":{"line":219,"column":35}},"loc":{"start":{"line":219,"column":54},"end":{"line":256,"column":1}},"line":219},"12":{"name":"(anonymous_12)","decl":{"start":{"line":260,"column":25},"end":{"line":260,"column":26}},"loc":{"start":{"line":260,"column":39},"end":{"line":262,"column":1}},"line":260},"13":{"name":"(anonymous_13)","decl":{"start":{"line":264,"column":28},"end":{"line":264,"column":29}},"loc":{"start":{"line":264,"column":48},"end":{"line":314,"column":1}},"line":264},"14":{"name":"(anonymous_14)","decl":{"start":{"line":318,"column":27},"end":{"line":318,"column":28}},"loc":{"start":{"line":318,"column":47},"end":{"line":323,"column":1}},"line":318},"15":{"name":"(anonymous_15)","decl":{"start":{"line":325,"column":21},"end":{"line":325,"column":22}},"loc":{"start":{"line":325,"column":41},"end":{"line":361,"column":1}},"line":325},"16":{"name":"(anonymous_16)","decl":{"start":{"line":363,"column":22},"end":{"line":363,"column":23}},"loc":{"start":{"line":363,"column":42},"end":{"line":370,"column":1}},"line":363},"17":{"name":"(anonymous_17)","decl":{"start":{"line":372,"column":23},"end":{"line":372,"column":24}},"loc":{"start":{"line":372,"column":43},"end":{"line":379,"column":1}},"line":372},"18":{"name":"validarCPF","decl":{"start":{"line":383,"column":9},"end":{"line":383,"column":19}},"loc":{"start":{"line":383,"column":25},"end":{"line":396,"column":1}},"line":383},"19":{"name":"registrarTentativaFalha","decl":{"start":{"line":400,"column":15},"end":{"line":400,"column":38}},"loc":{"start":{"line":400,"column":54},"end":{"line":415,"column":1}},"line":400},"20":{"name":"contarTentativasIp","decl":{"start":{"line":417,"column":15},"end":{"line":417,"column":33}},"loc":{"start":{"line":417,"column":42},"end":{"line":420,"column":1}},"line":417},"21":{"name":"incrementarFalhaUsuario","decl":{"start":{"line":422,"column":15},"end":{"line":422,"column":38}},"loc":{"start":{"line":422,"column":54},"end":{"line":434,"column":1}},"line":422},"22":{"name":"limparTentativas","decl":{"start":{"line":436,"column":15},"end":{"line":436,"column":31}},"loc":{"start":{"line":436,"column":51},"end":{"line":441,"column":1}},"line":436}},"branchMap":{"0":{"loc":{"start":{"line":6,"column":23},"end":{"line":6,"column":70}},"type":"binary-expr","locations":[{"start":{"line":6,"column":23},"end":{"line":6,"column":65}},{"start":{"line":6,"column":69},"end":{"line":6,"column":70}}],"line":6},"1":{"loc":{"start":{"line":7,"column":21},"end":{"line":7,"column":65}},"type":"binary-expr","locations":[{"start":{"line":7,"column":21},"end":{"line":7,"column":59}},{"start":{"line":7,"column":63},"end":{"line":7,"column":65}}],"line":7},"2":{"loc":{"start":{"line":8,"column":22},"end":{"line":8,"column":73}},"type":"binary-expr","locations":[{"start":{"line":8,"column":22},"end":{"line":8,"column":67}},{"start":{"line":8,"column":71},"end":{"line":8,"column":73}}],"line":8},"3":{"loc":{"start":{"line":20,"column":48},"end":{"line":20,"column":72}},"type":"binary-expr","locations":[{"start":{"line":20,"column":48},"end":{"line":20,"column":64}},{"start":{"line":20,"column":68},"end":{"line":20,"column":72}}],"line":20},"4":{"loc":{"start":{"line":28,"column":2},"end":{"line":30,"column":3}},"type":"if","locations":[{"start":{"line":28,"column":2},"end":{"line":30,"column":3}},{"start":{},"end":{}}],"line":28},"5":{"loc":{"start":{"line":28,"column":6},"end":{"line":28,"column":22}},"type":"binary-expr","locations":[{"start":{"line":28,"column":6},"end":{"line":28,"column":12}},{"start":{"line":28,"column":16},"end":{"line":28,"column":22}}],"line":28},"6":{"loc":{"start":{"line":38,"column":4},"end":{"line":44,"column":5}},"type":"if","locations":[{"start":{"line":38,"column":4},"end":{"line":44,"column":5}},{"start":{},"end":{}}],"line":38},"7":{"loc":{"start":{"line":54,"column":4},"end":{"line":60,"column":5}},"type":"if","locations":[{"start":{"line":54,"column":4},"end":{"line":60,"column":5}},{"start":{},"end":{}}],"line":54},"8":{"loc":{"start":{"line":54,"column":8},"end":{"line":54,"column":88}},"type":"binary-expr","locations":[{"start":{"line":54,"column":8},"end":{"line":54,"column":15}},{"start":{"line":54,"column":19},"end":{"line":54,"column":40}},{"start":{"line":54,"column":44},"end":{"line":54,"column":88}}],"line":54},"9":{"loc":{"start":{"line":62,"column":25},"end":{"line":62,"column":89}},"type":"cond-expr","locations":[{"start":{"line":62,"column":35},"end":{"line":62,"column":81}},{"start":{"line":62,"column":84},"end":{"line":62,"column":89}}],"line":62},"10":{"loc":{"start":{"line":64,"column":4},"end":{"line":77,"column":5}},"type":"if","locations":[{"start":{"line":64,"column":4},"end":{"line":77,"column":5}},{"start":{},"end":{}}],"line":64},"11":{"loc":{"start":{"line":66,"column":6},"end":{"line":66,"column":69}},"type":"if","locations":[{"start":{"line":66,"column":6},"end":{"line":66,"column":69}},{"start":{},"end":{}}],"line":66},"12":{"loc":{"start":{"line":72,"column":14},"end":{"line":74,"column":72}},"type":"cond-expr","locations":[{"start":{"line":73,"column":12},"end":{"line":73,"column":79}},{"start":{"line":74,"column":12},"end":{"line":74,"column":72}}],"line":72},"13":{"loc":{"start":{"line":87,"column":39},"end":{"line":87,"column":68}},"type":"cond-expr","locations":[{"start":{"line":87,"column":45},"end":{"line":87,"column":56}},{"start":{"line":87,"column":59},"end":{"line":87,"column":68}}],"line":87},"14":{"loc":{"start":{"line":90,"column":4},"end":{"line":90,"column":56}},"type":"if","locations":[{"start":{"line":90,"column":4},"end":{"line":90,"column":56}},{"start":{},"end":{}}],"line":90},"15":{"loc":{"start":{"line":98,"column":33},"end":{"line":98,"column":62}},"type":"cond-expr","locations":[{"start":{"line":98,"column":39},"end":{"line":98,"column":50}},{"start":{"line":98,"column":53},"end":{"line":98,"column":62}}],"line":98},"16":{"loc":{"start":{"line":104,"column":20},"end":{"line":104,"column":95}},"type":"binary-expr","locations":[{"start":{"line":104,"column":20},"end":{"line":104,"column":48}},{"start":{"line":104,"column":53},"end":{"line":104,"column":94}}],"line":104},"17":{"loc":{"start":{"line":104,"column":53},"end":{"line":104,"column":94}},"type":"cond-expr","locations":[{"start":{"line":104,"column":80},"end":{"line":104,"column":88}},{"start":{"line":104,"column":91},"end":{"line":104,"column":94}}],"line":104},"18":{"loc":{"start":{"line":125,"column":2},"end":{"line":125,"column":54}},"type":"if","locations":[{"start":{"line":125,"column":2},"end":{"line":125,"column":54}},{"start":{},"end":{}}],"line":125},"19":{"loc":{"start":{"line":143,"column":4},"end":{"line":155,"column":5}},"type":"if","locations":[{"start":{"line":143,"column":4},"end":{"line":155,"column":5}},{"start":{"line":149,"column":11},"end":{"line":155,"column":5}}],"line":143},"20":{"loc":{"start":{"line":143,"column":8},"end":{"line":143,"column":35}},"type":"binary-expr","locations":[{"start":{"line":143,"column":8},"end":{"line":143,"column":23}},{"start":{"line":143,"column":27},"end":{"line":143,"column":35}}],"line":143},"21":{"loc":{"start":{"line":149,"column":11},"end":{"line":155,"column":5}},"type":"if","locations":[{"start":{"line":149,"column":11},"end":{"line":155,"column":5}},{"start":{},"end":{}}],"line":149},"22":{"loc":{"start":{"line":158,"column":24},"end":{"line":160,"column":78}},"type":"cond-expr","locations":[{"start":{"line":159,"column":8},"end":{"line":159,"column":78}},{"start":{"line":160,"column":8},"end":{"line":160,"column":78}}],"line":158},"23":{"loc":{"start":{"line":162,"column":4},"end":{"line":164,"column":5}},"type":"if","locations":[{"start":{"line":162,"column":4},"end":{"line":164,"column":5}},{"start":{},"end":{}}],"line":162},"24":{"loc":{"start":{"line":179,"column":30},"end":{"line":179,"column":63}},"type":"cond-expr","locations":[{"start":{"line":179,"column":48},"end":{"line":179,"column":53}},{"start":{"line":179,"column":56},"end":{"line":179,"column":63}}],"line":179},"25":{"loc":{"start":{"line":182,"column":4},"end":{"line":193,"column":5}},"type":"if","locations":[{"start":{"line":182,"column":4},"end":{"line":193,"column":5}},{"start":{"line":191,"column":11},"end":{"line":193,"column":5}}],"line":182},"26":{"loc":{"start":{"line":188,"column":9},"end":{"line":188,"column":54}},"type":"cond-expr","locations":[{"start":{"line":188,"column":44},"end":{"line":188,"column":46}},{"start":{"line":188,"column":49},"end":{"line":188,"column":54}}],"line":188},"27":{"loc":{"start":{"line":212,"column":2},"end":{"line":214,"column":3}},"type":"if","locations":[{"start":{"line":212,"column":2},"end":{"line":214,"column":3}},{"start":{},"end":{}}],"line":212},"28":{"loc":{"start":{"line":223,"column":2},"end":{"line":225,"column":3}},"type":"if","locations":[{"start":{"line":223,"column":2},"end":{"line":225,"column":3}},{"start":{},"end":{}}],"line":223},"29":{"loc":{"start":{"line":223,"column":6},"end":{"line":223,"column":32}},"type":"binary-expr","locations":[{"start":{"line":223,"column":6},"end":{"line":223,"column":12}},{"start":{"line":223,"column":16},"end":{"line":223,"column":32}}],"line":223},"30":{"loc":{"start":{"line":226,"column":2},"end":{"line":228,"column":3}},"type":"if","locations":[{"start":{"line":226,"column":2},"end":{"line":228,"column":3}},{"start":{},"end":{}}],"line":226},"31":{"loc":{"start":{"line":239,"column":4},"end":{"line":241,"column":5}},"type":"if","locations":[{"start":{"line":239,"column":4},"end":{"line":241,"column":5}},{"start":{},"end":{}}],"line":239},"32":{"loc":{"start":{"line":273,"column":2},"end":{"line":273,"column":92}},"type":"if","locations":[{"start":{"line":273,"column":2},"end":{"line":273,"column":92}},{"start":{},"end":{}}],"line":273},"33":{"loc":{"start":{"line":273,"column":6},"end":{"line":273,"column":37}},"type":"binary-expr","locations":[{"start":{"line":273,"column":6},"end":{"line":273,"column":11}},{"start":{"line":273,"column":15},"end":{"line":273,"column":37}}],"line":273},"34":{"loc":{"start":{"line":274,"column":2},"end":{"line":274,"column":89}},"type":"if","locations":[{"start":{"line":274,"column":2},"end":{"line":274,"column":89}},{"start":{},"end":{}}],"line":274},"35":{"loc":{"start":{"line":274,"column":6},"end":{"line":274,"column":57}},"type":"binary-expr","locations":[{"start":{"line":274,"column":6},"end":{"line":274,"column":12}},{"start":{"line":274,"column":16},"end":{"line":274,"column":57}}],"line":274},"36":{"loc":{"start":{"line":275,"column":2},"end":{"line":275,"column":87}},"type":"if","locations":[{"start":{"line":275,"column":2},"end":{"line":275,"column":87}},{"start":{},"end":{}}],"line":275},"37":{"loc":{"start":{"line":275,"column":6},"end":{"line":275,"column":32}},"type":"binary-expr","locations":[{"start":{"line":275,"column":6},"end":{"line":275,"column":12}},{"start":{"line":275,"column":16},"end":{"line":275,"column":32}}],"line":275},"38":{"loc":{"start":{"line":276,"column":2},"end":{"line":276,"column":68}},"type":"if","locations":[{"start":{"line":276,"column":2},"end":{"line":276,"column":68}},{"start":{},"end":{}}],"line":276},"39":{"loc":{"start":{"line":277,"column":2},"end":{"line":277,"column":93}},"type":"if","locations":[{"start":{"line":277,"column":2},"end":{"line":277,"column":93}},{"start":{},"end":{}}],"line":277},"40":{"loc":{"start":{"line":277,"column":6},"end":{"line":277,"column":58}},"type":"binary-expr","locations":[{"start":{"line":277,"column":6},"end":{"line":277,"column":15}},{"start":{"line":277,"column":19},"end":{"line":277,"column":58}}],"line":277},"41":{"loc":{"start":{"line":278,"column":2},"end":{"line":278,"column":79}},"type":"if","locations":[{"start":{"line":278,"column":2},"end":{"line":278,"column":79}},{"start":{},"end":{}}],"line":278},"42":{"loc":{"start":{"line":278,"column":6},"end":{"line":278,"column":49}},"type":"binary-expr","locations":[{"start":{"line":278,"column":6},"end":{"line":278,"column":10}},{"start":{"line":278,"column":14},"end":{"line":278,"column":49}}],"line":278},"43":{"loc":{"start":{"line":279,"column":2},"end":{"line":279,"column":57}},"type":"if","locations":[{"start":{"line":279,"column":2},"end":{"line":279,"column":57}},{"start":{},"end":{}}],"line":279},"44":{"loc":{"start":{"line":280,"column":2},"end":{"line":280,"column":49}},"type":"if","locations":[{"start":{"line":280,"column":2},"end":{"line":280,"column":49}},{"start":{},"end":{}}],"line":280},"45":{"loc":{"start":{"line":281,"column":2},"end":{"line":281,"column":49}},"type":"if","locations":[{"start":{"line":281,"column":2},"end":{"line":281,"column":49}},{"start":{},"end":{}}],"line":281},"46":{"loc":{"start":{"line":282,"column":2},"end":{"line":282,"column":49}},"type":"if","locations":[{"start":{"line":282,"column":2},"end":{"line":282,"column":49}},{"start":{},"end":{}}],"line":282},"47":{"loc":{"start":{"line":283,"column":2},"end":{"line":283,"column":49}},"type":"if","locations":[{"start":{"line":283,"column":2},"end":{"line":283,"column":49}},{"start":{},"end":{}}],"line":283},"48":{"loc":{"start":{"line":285,"column":2},"end":{"line":285,"column":74}},"type":"if","locations":[{"start":{"line":285,"column":2},"end":{"line":285,"column":74}},{"start":{},"end":{}}],"line":285},"49":{"loc":{"start":{"line":289,"column":4},"end":{"line":291,"column":5}},"type":"if","locations":[{"start":{"line":289,"column":4},"end":{"line":291,"column":5}},{"start":{},"end":{}}],"line":289},"50":{"loc":{"start":{"line":302,"column":51},"end":{"line":302,"column":78}},"type":"binary-expr","locations":[{"start":{"line":302,"column":51},"end":{"line":302,"column":70}},{"start":{"line":302,"column":74},"end":{"line":302,"column":78}}],"line":302},"51":{"loc":{"start":{"line":329,"column":2},"end":{"line":329,"column":68}},"type":"if","locations":[{"start":{"line":329,"column":2},"end":{"line":329,"column":68}},{"start":{},"end":{}}],"line":329},"52":{"loc":{"start":{"line":329,"column":6},"end":{"line":329,"column":37}},"type":"binary-expr","locations":[{"start":{"line":329,"column":6},"end":{"line":329,"column":11}},{"start":{"line":329,"column":15},"end":{"line":329,"column":37}}],"line":329},"53":{"loc":{"start":{"line":330,"column":2},"end":{"line":330,"column":89}},"type":"if","locations":[{"start":{"line":330,"column":2},"end":{"line":330,"column":89}},{"start":{},"end":{}}],"line":330},"54":{"loc":{"start":{"line":330,"column":6},"end":{"line":330,"column":57}},"type":"binary-expr","locations":[{"start":{"line":330,"column":6},"end":{"line":330,"column":12}},{"start":{"line":330,"column":16},"end":{"line":330,"column":57}}],"line":330},"55":{"loc":{"start":{"line":331,"column":2},"end":{"line":331,"column":87}},"type":"if","locations":[{"start":{"line":331,"column":2},"end":{"line":331,"column":87}},{"start":{},"end":{}}],"line":331},"56":{"loc":{"start":{"line":331,"column":6},"end":{"line":331,"column":32}},"type":"binary-expr","locations":[{"start":{"line":331,"column":6},"end":{"line":331,"column":12}},{"start":{"line":331,"column":16},"end":{"line":331,"column":32}}],"line":331},"57":{"loc":{"start":{"line":332,"column":2},"end":{"line":332,"column":59}},"type":"if","locations":[{"start":{"line":332,"column":2},"end":{"line":332,"column":59}},{"start":{},"end":{}}],"line":332},"58":{"loc":{"start":{"line":332,"column":6},"end":{"line":332,"column":29}},"type":"binary-expr","locations":[{"start":{"line":332,"column":6},"end":{"line":332,"column":9}},{"start":{"line":332,"column":13},"end":{"line":332,"column":29}}],"line":332},"59":{"loc":{"start":{"line":334,"column":2},"end":{"line":337,"column":3}},"type":"if","locations":[{"start":{"line":334,"column":2},"end":{"line":337,"column":3}},{"start":{},"end":{}}],"line":334},"60":{"loc":{"start":{"line":341,"column":4},"end":{"line":344,"column":5}},"type":"if","locations":[{"start":{"line":341,"column":4},"end":{"line":344,"column":5}},{"start":{},"end":{}}],"line":341},"61":{"loc":{"start":{"line":346,"column":21},"end":{"line":346,"column":113}},"type":"cond-expr","locations":[{"start":{"line":346,"column":27},"end":{"line":346,"column":106}},{"start":{"line":346,"column":109},"end":{"line":346,"column":113}}],"line":346},"62":{"loc":{"start":{"line":365,"column":2},"end":{"line":367,"column":3}},"type":"if","locations":[{"start":{"line":365,"column":2},"end":{"line":367,"column":3}},{"start":{},"end":{}}],"line":365},"63":{"loc":{"start":{"line":374,"column":2},"end":{"line":376,"column":3}},"type":"if","locations":[{"start":{"line":374,"column":2},"end":{"line":376,"column":3}},{"start":{},"end":{}}],"line":374},"64":{"loc":{"start":{"line":385,"column":2},"end":{"line":385,"column":59}},"type":"if","locations":[{"start":{"line":385,"column":2},"end":{"line":385,"column":59}},{"start":{},"end":{}}],"line":385},"65":{"loc":{"start":{"line":385,"column":6},"end":{"line":385,"column":44}},"type":"binary-expr","locations":[{"start":{"line":385,"column":6},"end":{"line":385,"column":21}},{"start":{"line":385,"column":25},"end":{"line":385,"column":44}}],"line":385},"66":{"loc":{"start":{"line":389,"column":2},"end":{"line":389,"column":34}},"type":"if","locations":[{"start":{"line":389,"column":2},"end":{"line":389,"column":34}},{"start":{},"end":{}}],"line":389},"67":{"loc":{"start":{"line":389,"column":6},"end":{"line":389,"column":26}},"type":"binary-expr","locations":[{"start":{"line":389,"column":6},"end":{"line":389,"column":14}},{"start":{"line":389,"column":18},"end":{"line":389,"column":26}}],"line":389},"68":{"loc":{"start":{"line":390,"column":2},"end":{"line":390,"column":41}},"type":"if","locations":[{"start":{"line":390,"column":2},"end":{"line":390,"column":41}},{"start":{},"end":{}}],"line":390},"69":{"loc":{"start":{"line":394,"column":2},"end":{"line":394,"column":34}},"type":"if","locations":[{"start":{"line":394,"column":2},"end":{"line":394,"column":34}},{"start":{},"end":{}}],"line":394},"70":{"loc":{"start":{"line":394,"column":6},"end":{"line":394,"column":26}},"type":"binary-expr","locations":[{"start":{"line":394,"column":6},"end":{"line":394,"column":14}},{"start":{"line":394,"column":18},"end":{"line":394,"column":26}}],"line":394},"71":{"loc":{"start":{"line":419,"column":9},"end":{"line":419,"column":45}},"type":"cond-expr","locations":[{"start":{"line":419,"column":21},"end":{"line":419,"column":41}},{"start":{"line":419,"column":44},"end":{"line":419,"column":45}}],"line":419},"72":{"loc":{"start":{"line":438,"column":2},"end":{"line":440,"column":3}},"type":"if","locations":[{"start":{"line":438,"column":2},"end":{"line":440,"column":3}},{"start":{},"end":{}}],"line":438}},"s":{"0":0,"1":0,"2":0,"3":0,"4":0,"5":0,"6":0,"7":0,"8":0,"9":0,"10":0,"11":0,"12":0,"13":0,"14":0,"15":0,"16":0,"17":0,"18":0,"19":0,"20":0,"21":0,"22":0,"23":0,"24":0,"25":0,"26":0,"27":0,"28":0,"29":0,"30":0,"31":0,"32":0,"33":0,"34":0,"35":0,"36":0,"37":0,"38":0,"39":0,"40":0,"41":0,"42":0,"43":0,"44":0,"45":0,"46":0,"47":0,"48":0,"49":0,"50":0,"51":0,"52":0,"53":0,"54":0,"55":0,"56":0,"57":0,"58":0,"59":0,"60":0,"61":0,"62":0,"63":0,"64":0,"65":0,"66":0,"67":0,"68":0,"69":0,"70":0,"71":0,"72":0,"73":0,"74":0,"75":0,"76":0,"77":0,"78":0,"79":0,"80":0,"81":0,"82":0,"83":0,"84":0,"85":0,"86":0,"87":0,"88":0,"89":0,"90":0,"91":0,"92":0,"93":0,"94":0,"95":0,"96":0,"97":0,"98":0,"99":0,"100":0,"101":0,"102":0,"103":0,"104":0,"105":0,"106":0,"107":0,"108":0,"109":0,"110":0,"111":0,"112":0,"113":0,"114":0,"115":0,"116":0,"117":0,"118":0,"119":0,"120":0,"121":0,"122":0,"123":0,"124":0,"125":0,"126":0,"127":0,"128":0,"129":0,"130":0,"131":0,"132":0,"133":0,"134":0,"135":0,"136":0,"137":0,"138":0,"139":0,"140":0,"141":0,"142":0,"143":0,"144":0,"145":0,"146":0,"147":0,"148":0,"149":0,"150":0,"151":0,"152":0,"153":0,"154":0,"155":0,"156":0,"157":0,"158":0,"159":0,"160":0,"161":0,"162":0,"163":0,"164":0,"165":0,"166":0,"167":0,"168":0,"169":0,"170":0,"171":0,"172":0,"173":0,"174":0,"175":0,"176":0,"177":0,"178":0,"179":0,"180":0,"181":0,"182":0,"183":0,"184":0,"185":0,"186":0,"187":0,"188":0,"189":0,"190":0,"191":0,"192":0,"193":0,"194":0,"195":0,"196":0,"197":0,"198":0,"199":0,"200":0,"201":0,"202":0,"203":0,"204":0,"205":0,"206":0,"207":0,"208":0,"209":0,"210":0,"211":0,"212":0,"213":0,"214":0,"215":0,"216":0,"217":0,"218":0,"219":0,"220":0,"221":0,"222":0,"223":0,"224":0,"225":0,"226":0,"227":0,"228":0,"229":0,"230":0,"231":0,"232":0,"233":0,"234":0},"f":{"0":0,"1":0,"2":0,"3":0,"4":0,"5":0,"6":0,"7":0,"8":0,"9":0,"10":0,"11":0,"12":0,"13":0,"14":0,"15":0,"16":0,"17":0,"18":0,"19":0,"20":0,"21":0,"22":0},"b":{"0":[0,0],"1":[0,0],"2":[0,0],"3":[0,0],"4":[0,0],"5":[0,0],"6":[0,0],"7":[0,0],"8":[0,0,0],"9":[0,0],"10":[0,0],"11":[0,0],"12":[0,0],"13":[0,0],"14":[0,0],"15":[0,0],"16":[0,0],"17":[0,0],"18":[0,0],"19":[0,0],"20":[0,0],"21":[0,0],"22":[0,0],"23":[0,0],"24":[0,0],"25":[0,0],"26":[0,0],"27":[0,0],"28":[0,0],"29":[0,0],"30":[0,0],"31":[0,0],"32":[0,0],"33":[0,0],"34":[0,0],"35":[0,0],"36":[0,0],"37":[0,0],"38":[0,0],"39":[0,0],"40":[0,0],"41":[0,0],"42":[0,0],"43":[0,0],"44":[0,0],"45":[0,0],"46":[0,0],"47":[0,0],"48":[0,0],"49":[0,0],"50":[0,0],"51":[0,0],"52":[0,0],"53":[0,0],"54":[0,0],"55":[0,0],"56":[0,0],"57":[0,0],"58":[0,0],"59":[0,0],"60":[0,0],"61":[0,0],"62":[0,0],"63":[0,0],"64":[0,0],"65":[0,0],"66":[0,0],"67":[0,0],"68":[0,0],"69":[0,0],"70":[0,0],"71":[0,0],"72":[0,0]}}
,"/home/itarget/loja_3/controllers/bannerController.js": {"path":"/home/itarget/loja_3/controllers/bannerController.js","statementMap":{"0":{"start":{"line":1,"column":11},"end":{"line":1,"column":33}},"1":{"start":{"line":2,"column":13},"end":{"line":2,"column":28}},"2":{"start":{"line":7,"column":0},"end":{"line":20,"column":2}},"3":{"start":{"line":8,"column":2},"end":{"line":19,"column":3}},"4":{"start":{"line":9,"column":20},"end":{"line":14,"column":6}},"5":{"start":{"line":15,"column":4},"end":{"line":15,"column":88}},"6":{"start":{"line":17,"column":4},"end":{"line":17,"column":52}},"7":{"start":{"line":18,"column":4},"end":{"line":18,"column":83}},"8":{"start":{"line":25,"column":0},"end":{"line":37,"column":2}},"9":{"start":{"line":26,"column":2},"end":{"line":36,"column":3}},"10":{"start":{"line":27,"column":21},"end":{"line":27,"column":90}},"11":{"start":{"line":28,"column":4},"end":{"line":32,"column":7}},"12":{"start":{"line":34,"column":4},"end":{"line":34,"column":55}},"13":{"start":{"line":35,"column":4},"end":{"line":35,"column":86}},"14":{"start":{"line":42,"column":0},"end":{"line":71,"column":2}},"15":{"start":{"line":43,"column":78},"end":{"line":43,"column":86}},"16":{"start":{"line":44,"column":2},"end":{"line":70,"column":3}},"17":{"start":{"line":45,"column":4},"end":{"line":47,"column":5}},"18":{"start":{"line":46,"column":6},"end":{"line":46,"column":100}},"19":{"start":{"line":48,"column":22},"end":{"line":48,"column":52}},"20":{"start":{"line":49,"column":25},"end":{"line":49,"column":86}},"21":{"start":{"line":50,"column":19},"end":{"line":50,"column":75}},"22":{"start":{"line":52,"column":4},"end":{"line":65,"column":6}},"23":{"start":{"line":66,"column":4},"end":{"line":66,"column":35}},"24":{"start":{"line":68,"column":4},"end":{"line":68,"column":51}},"25":{"start":{"line":69,"column":4},"end":{"line":69,"column":80}},"26":{"start":{"line":76,"column":0},"end":{"line":93,"column":2}},"27":{"start":{"line":77,"column":17},"end":{"line":77,"column":27}},"28":{"start":{"line":78,"column":2},"end":{"line":92,"column":3}},"29":{"start":{"line":79,"column":19},"end":{"line":79,"column":82}},"30":{"start":{"line":80,"column":4},"end":{"line":82,"column":5}},"31":{"start":{"line":81,"column":6},"end":{"line":81,"column":89}},"32":{"start":{"line":83,"column":21},"end":{"line":83,"column":90}},"33":{"start":{"line":84,"column":4},"end":{"line":88,"column":7}},"34":{"start":{"line":90,"column":4},"end":{"line":90,"column":57}},"35":{"start":{"line":91,"column":4},"end":{"line":91,"column":82}},"36":{"start":{"line":98,"column":0},"end":{"line":131,"column":2}},"37":{"start":{"line":99,"column":17},"end":{"line":99,"column":27}},"38":{"start":{"line":100,"column":78},"end":{"line":100,"column":86}},"39":{"start":{"line":101,"column":2},"end":{"line":130,"column":3}},"40":{"start":{"line":102,"column":25},"end":{"line":102,"column":86}},"41":{"start":{"line":103,"column":19},"end":{"line":103,"column":75}},"42":{"start":{"line":104,"column":21},"end":{"line":104,"column":55}},"43":{"start":{"line":106,"column":4},"end":{"line":125,"column":5}},"44":{"start":{"line":107,"column":27},"end":{"line":107,"column":93}},"45":{"start":{"line":108,"column":6},"end":{"line":111,"column":7}},"46":{"start":{"line":109,"column":24},"end":{"line":109,"column":89}},"47":{"start":{"line":110,"column":8},"end":{"line":110,"column":50}},"48":{"start":{"line":110,"column":14},"end":{"line":110,"column":39}},"49":{"start":{"line":112,"column":6},"end":{"line":117,"column":8}},"50":{"start":{"line":119,"column":6},"end":{"line":124,"column":8}},"51":{"start":{"line":126,"column":4},"end":{"line":126,"column":35}},"52":{"start":{"line":128,"column":4},"end":{"line":128,"column":54}},"53":{"start":{"line":129,"column":4},"end":{"line":129,"column":83}},"54":{"start":{"line":136,"column":0},"end":{"line":150,"column":2}},"55":{"start":{"line":137,"column":17},"end":{"line":137,"column":27}},"56":{"start":{"line":138,"column":2},"end":{"line":149,"column":3}},"57":{"start":{"line":139,"column":19},"end":{"line":139,"column":85}},"58":{"start":{"line":140,"column":4},"end":{"line":144,"column":5}},"59":{"start":{"line":141,"column":22},"end":{"line":141,"column":81}},"60":{"start":{"line":142,"column":6},"end":{"line":142,"column":48}},"61":{"start":{"line":142,"column":12},"end":{"line":142,"column":37}},"62":{"start":{"line":143,"column":6},"end":{"line":143,"column":66}},"63":{"start":{"line":145,"column":4},"end":{"line":145,"column":35}},"64":{"start":{"line":147,"column":4},"end":{"line":147,"column":52}},"65":{"start":{"line":148,"column":4},"end":{"line":148,"column":81}},"66":{"start":{"line":155,"column":0},"end":{"line":164,"column":2}},"67":{"start":{"line":156,"column":17},"end":{"line":156,"column":27}},"68":{"start":{"line":157,"column":2},"end":{"line":163,"column":3}},"69":{"start":{"line":158,"column":4},"end":{"line":158,"column":99}},"70":{"start":{"line":159,"column":4},"end":{"line":159,"column":35}},"71":{"start":{"line":161,"column":4},"end":{"line":161,"column":53}},"72":{"start":{"line":162,"column":4},"end":{"line":162,"column":81}}},"fnMap":{"0":{"name":"(anonymous_0)","decl":{"start":{"line":7,"column":16},"end":{"line":7,"column":17}},"loc":{"start":{"line":7,"column":36},"end":{"line":20,"column":1}},"line":7},"1":{"name":"(anonymous_1)","decl":{"start":{"line":25,"column":15},"end":{"line":25,"column":16}},"loc":{"start":{"line":25,"column":35},"end":{"line":37,"column":1}},"line":25},"2":{"name":"(anonymous_2)","decl":{"start":{"line":42,"column":17},"end":{"line":42,"column":18}},"loc":{"start":{"line":42,"column":37},"end":{"line":71,"column":1}},"line":42},"3":{"name":"(anonymous_3)","decl":{"start":{"line":76,"column":17},"end":{"line":76,"column":18}},"loc":{"start":{"line":76,"column":37},"end":{"line":93,"column":1}},"line":76},"4":{"name":"(anonymous_4)","decl":{"start":{"line":98,"column":20},"end":{"line":98,"column":21}},"loc":{"start":{"line":98,"column":40},"end":{"line":131,"column":1}},"line":98},"5":{"name":"(anonymous_5)","decl":{"start":{"line":136,"column":18},"end":{"line":136,"column":19}},"loc":{"start":{"line":136,"column":38},"end":{"line":150,"column":1}},"line":136},"6":{"name":"(anonymous_6)","decl":{"start":{"line":155,"column":22},"end":{"line":155,"column":23}},"loc":{"start":{"line":155,"column":42},"end":{"line":164,"column":1}},"line":155}},"branchMap":{"0":{"loc":{"start":{"line":45,"column":4},"end":{"line":47,"column":5}},"type":"if","locations":[{"start":{"line":45,"column":4},"end":{"line":47,"column":5}},{"start":{},"end":{}}],"line":45},"1":{"loc":{"start":{"line":49,"column":25},"end":{"line":49,"column":86}},"type":"cond-expr","locations":[{"start":{"line":49,"column":59},"end":{"line":49,"column":79}},{"start":{"line":49,"column":82},"end":{"line":49,"column":86}}],"line":49},"2":{"loc":{"start":{"line":49,"column":25},"end":{"line":49,"column":56}},"type":"binary-expr","locations":[{"start":{"line":49,"column":25},"end":{"line":49,"column":35}},{"start":{"line":49,"column":39},"end":{"line":49,"column":56}}],"line":49},"3":{"loc":{"start":{"line":50,"column":19},"end":{"line":50,"column":75}},"type":"cond-expr","locations":[{"start":{"line":50,"column":54},"end":{"line":50,"column":68}},{"start":{"line":50,"column":71},"end":{"line":50,"column":75}}],"line":50},"4":{"loc":{"start":{"line":50,"column":19},"end":{"line":50,"column":51}},"type":"binary-expr","locations":[{"start":{"line":50,"column":19},"end":{"line":50,"column":26}},{"start":{"line":50,"column":30},"end":{"line":50,"column":51}}],"line":50},"5":{"loc":{"start":{"line":57,"column":8},"end":{"line":57,"column":25}},"type":"binary-expr","locations":[{"start":{"line":57,"column":8},"end":{"line":57,"column":17}},{"start":{"line":57,"column":21},"end":{"line":57,"column":25}}],"line":57},"6":{"loc":{"start":{"line":59,"column":8},"end":{"line":59,"column":33}},"type":"binary-expr","locations":[{"start":{"line":59,"column":8},"end":{"line":59,"column":17}},{"start":{"line":59,"column":21},"end":{"line":59,"column":33}}],"line":59},"7":{"loc":{"start":{"line":62,"column":8},"end":{"line":62,"column":42}},"type":"binary-expr","locations":[{"start":{"line":62,"column":8},"end":{"line":62,"column":22}},{"start":{"line":62,"column":26},"end":{"line":62,"column":42}}],"line":62},"8":{"loc":{"start":{"line":63,"column":8},"end":{"line":63,"column":28}},"type":"binary-expr","locations":[{"start":{"line":63,"column":8},"end":{"line":63,"column":23}},{"start":{"line":63,"column":27},"end":{"line":63,"column":28}}],"line":63},"9":{"loc":{"start":{"line":80,"column":4},"end":{"line":82,"column":5}},"type":"if","locations":[{"start":{"line":80,"column":4},"end":{"line":82,"column":5}},{"start":{},"end":{}}],"line":80},"10":{"loc":{"start":{"line":102,"column":25},"end":{"line":102,"column":86}},"type":"cond-expr","locations":[{"start":{"line":102,"column":59},"end":{"line":102,"column":79}},{"start":{"line":102,"column":82},"end":{"line":102,"column":86}}],"line":102},"11":{"loc":{"start":{"line":102,"column":25},"end":{"line":102,"column":56}},"type":"binary-expr","locations":[{"start":{"line":102,"column":25},"end":{"line":102,"column":35}},{"start":{"line":102,"column":39},"end":{"line":102,"column":56}}],"line":102},"12":{"loc":{"start":{"line":103,"column":19},"end":{"line":103,"column":75}},"type":"cond-expr","locations":[{"start":{"line":103,"column":54},"end":{"line":103,"column":68}},{"start":{"line":103,"column":71},"end":{"line":103,"column":75}}],"line":103},"13":{"loc":{"start":{"line":103,"column":19},"end":{"line":103,"column":51}},"type":"binary-expr","locations":[{"start":{"line":103,"column":19},"end":{"line":103,"column":26}},{"start":{"line":103,"column":30},"end":{"line":103,"column":51}}],"line":103},"14":{"loc":{"start":{"line":104,"column":21},"end":{"line":104,"column":55}},"type":"binary-expr","locations":[{"start":{"line":104,"column":21},"end":{"line":104,"column":35}},{"start":{"line":104,"column":39},"end":{"line":104,"column":55}}],"line":104},"15":{"loc":{"start":{"line":106,"column":4},"end":{"line":125,"column":5}},"type":"if","locations":[{"start":{"line":106,"column":4},"end":{"line":125,"column":5}},{"start":{"line":118,"column":11},"end":{"line":125,"column":5}}],"line":106},"16":{"loc":{"start":{"line":108,"column":6},"end":{"line":111,"column":7}},"type":"if","locations":[{"start":{"line":108,"column":6},"end":{"line":111,"column":7}},{"start":{},"end":{}}],"line":108},"17":{"loc":{"start":{"line":115,"column":17},"end":{"line":115,"column":34}},"type":"binary-expr","locations":[{"start":{"line":115,"column":17},"end":{"line":115,"column":26}},{"start":{"line":115,"column":30},"end":{"line":115,"column":34}}],"line":115},"18":{"loc":{"start":{"line":115,"column":68},"end":{"line":115,"column":93}},"type":"binary-expr","locations":[{"start":{"line":115,"column":68},"end":{"line":115,"column":77}},{"start":{"line":115,"column":81},"end":{"line":115,"column":93}}],"line":115},"19":{"loc":{"start":{"line":116,"column":41},"end":{"line":116,"column":61}},"type":"binary-expr","locations":[{"start":{"line":116,"column":41},"end":{"line":116,"column":56}},{"start":{"line":116,"column":60},"end":{"line":116,"column":61}}],"line":116},"20":{"loc":{"start":{"line":122,"column":17},"end":{"line":122,"column":34}},"type":"binary-expr","locations":[{"start":{"line":122,"column":17},"end":{"line":122,"column":26}},{"start":{"line":122,"column":30},"end":{"line":122,"column":34}}],"line":122},"21":{"loc":{"start":{"line":122,"column":36},"end":{"line":122,"column":61}},"type":"binary-expr","locations":[{"start":{"line":122,"column":36},"end":{"line":122,"column":45}},{"start":{"line":122,"column":49},"end":{"line":122,"column":61}}],"line":122},"22":{"loc":{"start":{"line":123,"column":41},"end":{"line":123,"column":61}},"type":"binary-expr","locations":[{"start":{"line":123,"column":41},"end":{"line":123,"column":56}},{"start":{"line":123,"column":60},"end":{"line":123,"column":61}}],"line":123},"23":{"loc":{"start":{"line":140,"column":4},"end":{"line":144,"column":5}},"type":"if","locations":[{"start":{"line":140,"column":4},"end":{"line":144,"column":5}},{"start":{},"end":{}}],"line":140}},"s":{"0":0,"1":0,"2":0,"3":0,"4":0,"5":0,"6":0,"7":0,"8":0,"9":0,"10":0,"11":0,"12":0,"13":0,"14":0,"15":0,"16":0,"17":0,"18":0,"19":0,"20":0,"21":0,"22":0,"23":0,"24":0,"25":0,"26":0,"27":0,"28":0,"29":0,"30":0,"31":0,"32":0,"33":0,"34":0,"35":0,"36":0,"37":0,"38":0,"39":0,"40":0,"41":0,"42":0,"43":0,"44":0,"45":0,"46":0,"47":0,"48":0,"49":0,"50":0,"51":0,"52":0,"53":0,"54":0,"55":0,"56":0,"57":0,"58":0,"59":0,"60":0,"61":0,"62":0,"63":0,"64":0,"65":0,"66":0,"67":0,"68":0,"69":0,"70":0,"71":0,"72":0},"f":{"0":0,"1":0,"2":0,"3":0,"4":0,"5":0,"6":0},"b":{"0":[0,0],"1":[0,0],"2":[0,0],"3":[0,0],"4":[0,0],"5":[0,0],"6":[0,0],"7":[0,0],"8":[0,0],"9":[0,0],"10":[0,0],"11":[0,0],"12":[0,0],"13":[0,0],"14":[0,0],"15":[0,0],"16":[0,0],"17":[0,0],"18":[0,0],"19":[0,0],"20":[0,0],"21":[0,0],"22":[0,0],"23":[0,0]}}
,"/home/itarget/loja_3/controllers/carrinhoController.js": {"path":"/home/itarget/loja_3/controllers/carrinhoController.js","statementMap":{"0":{"start":{"line":2,"column":12},"end":{"line":12,"column":17}},"1":{"start":{"line":13,"column":2},"end":{"line":13,"column":16}},"2":{"start":{"line":16,"column":0},"end":{"line":25,"column":2}},"3":{"start":{"line":17,"column":2},"end":{"line":24,"column":3}},"4":{"start":{"line":18,"column":18},"end":{"line":18,"column":66}},"5":{"start":{"line":19,"column":18},"end":{"line":19,"column":71}},"6":{"start":{"line":19,"column":41},"end":{"line":19,"column":67}},"7":{"start":{"line":20,"column":4},"end":{"line":20,"column":51}},"8":{"start":{"line":22,"column":4},"end":{"line":22,"column":53}},"9":{"start":{"line":23,"column":4},"end":{"line":23,"column":58}},"10":{"start":{"line":27,"column":0},"end":{"line":88,"column":2}},"11":{"start":{"line":28,"column":37},"end":{"line":28,"column":45}},"12":{"start":{"line":29,"column":20},"end":{"line":29,"column":41}},"13":{"start":{"line":30,"column":14},"end":{"line":30,"column":52}},"14":{"start":{"line":32,"column":2},"end":{"line":87,"column":3}},"15":{"start":{"line":33,"column":17},"end":{"line":33,"column":106}},"16":{"start":{"line":34,"column":4},"end":{"line":34,"column":88}},"17":{"start":{"line":34,"column":23},"end":{"line":34,"column":88}},"18":{"start":{"line":37,"column":22},"end":{"line":39,"column":33}},"19":{"start":{"line":39,"column":19},"end":{"line":39,"column":31}},"20":{"start":{"line":41,"column":19},"end":{"line":41,"column":21}},"21":{"start":{"line":42,"column":4},"end":{"line":42,"column":64}},"22":{"start":{"line":42,"column":34},"end":{"line":42,"column":60}},"23":{"start":{"line":44,"column":4},"end":{"line":72,"column":5}},"24":{"start":{"line":45,"column":32},"end":{"line":45,"column":52}},"25":{"start":{"line":47,"column":6},"end":{"line":71,"column":7}},"26":{"start":{"line":49,"column":29},"end":{"line":52,"column":9}},"27":{"start":{"line":53,"column":26},"end":{"line":53,"column":62}},"28":{"start":{"line":54,"column":8},"end":{"line":57,"column":9}},"29":{"start":{"line":55,"column":29},"end":{"line":55,"column":71}},"30":{"start":{"line":56,"column":10},"end":{"line":56,"column":140}},"31":{"start":{"line":59,"column":8},"end":{"line":61,"column":9}},"32":{"start":{"line":60,"column":10},"end":{"line":60,"column":69}},"33":{"start":{"line":63,"column":30},"end":{"line":66,"column":9}},"34":{"start":{"line":67,"column":27},"end":{"line":67,"column":68}},"35":{"start":{"line":68,"column":8},"end":{"line":70,"column":9}},"36":{"start":{"line":69,"column":10},"end":{"line":69,"column":132}},"37":{"start":{"line":74,"column":4},"end":{"line":80,"column":57}},"38
[...]
,"/home/itarget/loja_3/services/mercadoPagoService.js": {"path":"/home/itarget/loja_3/services/mercadoPagoService.js","statementMap":{"0":{"start":{"line":1,"column":51},"end":{"line":1,"column":73}},"1":{"start":{"line":3,"column":15},"end":{"line":6,"column":2}},"2":{"start":{"line":8,"column":16},"end":{"line":8,"column":35}},"3":{"start":{"line":9,"column":19},"end":{"line":9,"column":41}},"4":{"start":{"line":15,"column":15},"end":{"line":27,"column":3}},"5":{"start":{"line":28,"column":2},"end":{"line":28,"column":34}},"6":{"start":{"line":35,"column":15},"end":{"line":48,"column":3}},"7":{"start":{"line":49,"column":2},"end":{"line":49,"column":34}},"8":{"start":{"line":56,"column":15},"end":{"line":76,"column":3}},"9":{"start":{"line":77,"column":2},"end":{"line":77,"column":34}},"10":{"start":{"line":84,"column":2},"end":{"line":84,"column":40}},"11":{"start":{"line":91,"column":15},"end":{"line":99,"column":3}},"12":{"start":{"line":100,"column":2},"end":{"line":100,"column":38}},"13":{"start":{"line":103,"column":0},"end":{"line":109,"column":2}}},"fnMap":{"0":{"name":"criarPagamentoPix","decl":{"start":{"line":14,"column":15},"end":{"line":14,"column":32}},"loc":{"start":{"line":14,"column":83},"end":{"line":29,"column":1}},"line":14},"1":{"name":"criarPagamentoCartao","decl":{"start":{"line":34,"column":15},"end":{"line":34,"column":35}},"loc":{"start":{"line":34,"column":120},"end":{"line":50,"column":1}},"line":34},"2":{"name":"criarBoleto","decl":{"start":{"line":55,"column":15},"end":{"line":55,"column":26}},"loc":{"start":{"line":55,"column":126},"end":{"line":78,"column":1}},"line":55},"3":{"name":"consultarPagamento","decl":{"start":{"line":83,"column":15},"end":{"line":83,"column":33}},"loc":{"start":{"line":83,"column":45},"end":{"line":85,"column":1}},"line":83},"4":{"name":"mapearStatus","decl":{"start":{"line":90,"column":9},"end":{"line":90,"column":21}},"loc":{"start":{"line":90,"column":48},"end":{"line":101,"column":1}},"line":90}},"branchMap":{"0":{"loc":{"start":{"line":17,"column":17},"end":{"line":17,"column":51}},"type":"binary-expr","locations":[{"start":{"line":17,"column":17},"end":{"line":17,"column":26}},{"start":{"line":17,"column":30},"end":{"line":17,"column":51}}],"line":17},"1":{"loc":{"start":{"line":22,"column":17},"end":{"line":22,"column":73}},"type":"binary-expr","locations":[{"start":{"line":22,"column":17},"end":{"line":22,"column":51}},{"start":{"line":22,"column":55},"end":{"line":22,"column":73}}],"line":22},"2":{"loc":{"start":{"line":23,"column":45},"end":{"line":23,"column":85}},"type":"binary-expr","locations":[{"start":{"line":23,"column":45},"end":{"line":23,"column":68}},{"start":{"line":23,"column":72},"end":{"line":23,"column":85}}],"line":23},"3":{"loc":{"start":{"line":26,"column":8},"end":{"line":26,"column":115}},"type":"binary-expr","locations":[{"start":{"line":26,"column":8},"end":{"line":26,"column":45}},{"start":{"line":26,"column":49},"end":{"line":26,"column":115}}],"line":26},"4":{"loc":{"start":{"line":38,"column":18},"end":{"line":38,"column":31}},"type":"binary-expr","locations":[{"start":{"line":38,"column":18},"end":{"line":38,"column":26}},{"start":{"line":38,"column":30},"end":{"line":38,"column":31}}],"line":38},"5":{"loc":{"start":{"line":40,"column":17},"end":{"line":40,"column":51}},"type":"binary-expr","locations":[{"start":{"line":40,"column":17},"end":{"line":40,"column":26}},{"start":{"line":40,"column":30},"end":{"line":40,"column":51}}],"line":40},"6":{"loc":{"start":{"line":43,"column":45},"end":{"line":43,"column":85}},"type":"binary-expr","locations":[{"start":{"line":43,"column":45},"end":{"line":43,"column":68}},{"start":{"line":43,"column":72},"end":{"line":43,"column":85}}],"line":43},"7":{"loc":{"start":{"line":46,"column":8},"end":{"line":46,"column":115}},"type":"binary-expr","locations":[{"start":{"line":46,"column":8},"end":{"line":46,"column":45}},{"start":{"line":46,"column":49},"end":{"line":46,"column":115}}],"line":46},"8":{"loc":{"start":{"line":58,"column":17},"end":{"line":58,"column":51}},"type":"binary-expr","locations":[{"start":{"line":58,"column":17},"end":{"line":58,"column":26}},{"start":{"line":58,"column":30},"end":{"line":58,"column":51}}],"line":58},"9":{"loc":{"start":{"line":63,"column":17},"end":{"line":63,"column":73}},"type":"binary-expr","locations":[{"start":{"line":63,"column":17},"end":{"line":63,"column":51}},{"start":{"line":63,"column":55},"end":{"line":63,"column":73}}],"line":63},"10":{"loc":{"start":{"line":64,"column":45},"end":{"line":64,"column":85}},"type":"binary-expr","locations":[{"start":{"line":64,"column":45},"end":{"line":64,"column":68}},{"start":{"line":64,"column":72},"end":{"line":64,"column":85}}],"line":64},"11":{"loc":{"start":{"line":75,"column":8},"end":{"line":75,"column":115}},"type":"binary-expr","locations":[{"start":{"line":75,"column":8},"end":{"line":75,"column":45}},{"start":{"line":75,"column":49},"end":{"line":75,"column":115}}],"line":75},"12":{"loc":{"start":{"line":100,"column":9},"end":{"line":100,"column":37}},"type":"binary-expr","locations":[{"start":{"line":100,"column":9},"end":{"line":100,"column":23}},{"start":{"line":100,"column":27},"end":{"line":100,"column":37}}],"line":100}},"s":{"0":0,"1":0,"2":0,"3":0,"4":0,"5":0,"6":0,"7":0,"8":0,"9":0,"10":0,"11":0,"12":0,"13":0},"f":{"0":0,"1":0,"2":0,"3":0,"4":0},"b":{"0":[0,0],"1":[0,0],"2":[0,0],"3":[0,0],"4":[0,0],"5":[0,0],"6":[0,0],"7":[0,0],"8":[0,0],"9":[0,0],"10":[0,0],"11":[0,0],"12":[0,0]}}
,"/home/itarget/loja_3/services/smsService.js": {"path":"/home/itarget/loja_3/services/smsService.js","statementMap":{"0":{"start":{"line":1,"column":15},"end":{"line":1,"column":32}},"1":{"start":{"line":4,"column":14},"end":{"line":4,"column":44}},"2":{"start":{"line":5,"column":16},"end":{"line":5,"column":45}},"3":{"start":{"line":6,"column":2},"end":{"line":6,"column":34}},"4":{"start":{"line":6,"column":22},"end":{"line":6,"column":34}},"5":{"start":{"line":7,"column":2},"end":{"line":7,"column":28}},"6":{"start":{"line":11,"column":17},"end":{"line":11,"column":34}},"7":{"start":{"line":12,"column":2},"end":{"line":15,"column":3}},"8":{"start":{"line":13,"column":4},"end":{"line":13,"column":62}},"9":{"start":{"line":14,"column":4},"end":{"line":14,"column":17}},"10":{"start":{"line":17,"column":2},"end":{"line":21,"column":5}},"11":{"start":{"line":23,"column":2},"end":{"line":23,"column":14}},"12":{"start":{"line":26,"column":25},"end":{"line":26,"column":98}},"13":{"start":{"line":26,"column":31},"end":{"line":26,"column":98}},"14":{"start":{"line":28,"column":0},"end":{"line":28,"column":55}}},"fnMap":{"0":{"name":"getTwilioClient","decl":{"start":{"line":3,"column":9},"end":{"line":3,"column":24}},"loc":{"start":{"line":3,"column":27},"end":{"line":8,"column":1}},"line":3},"1":{"name":"enviarSmsCodigo","decl":{"start":{"line":10,"column":15},"end":{"line":10,"column":30}},"loc":{"start":{"line":10,"column":49},"end":{"line":24,"column":1}},"line":10},"2":{"name":"(anonymous_2)","decl":{"start":{"line":26,"column":25},"end":{"line":26,"column":26}},"loc":{"start":{"line":26,"column":31},"end":{"line":26,"column":98}},"line":26}},"branchMap":{"0":{"loc":{"start":{"line":6,"column":2},"end":{"line":6,"column":34}},"type":"if","locations":[{"start":{"line":6,"column":2},"end":{"line":6,"column":34}},{"start":{},"end":{}}],"line":6},"1":{"loc":{"start":{"line":6,"column":6},"end":{"line":6,"column":20}},"type":"binary-expr","locations":[{"start":{"line":6,"column":6},"end":{"line":6,"column":10}},{"start":{"line":6,"column":14},"end":{"line":6,"column":20}}],"line":6},"2":{"loc":{"start":{"line":12,"column":2},"end":{"line":15,"column":3}},"type":"if","locations":[{"start":{"line":12,"column":2},"end":{"line":15,"column":3}},{"start":{},"end":{}}],"line":12},"3":{"loc":{"start":{"line":18,"column":79},"end":{"line":18,"column":120}},"type":"binary-expr","locations":[{"start":{"line":18,"column":79},"end":{"line":18,"column":114}},{"start":{"line":18,"column":118},"end":{"line":18,"column":120}}],"line":18},"4":{"loc":{"start":{"line":26,"column":34},"end":{"line":26,"column":97}},"type":"binary-expr","locations":[{"start":{"line":26,"column":34},"end":{"line":26,"column":64}},{"start":{"line":26,"column":68},"end":{"line":26,"column":97}}],"line":26}},"s":{"0":0,"1":0,"2":0,"3":0,"4":0,"5":0,"6":0,"7":0,"8":0,"9":0,"10":0,"11":0,"12":0,"13":0,"14":0},"f":{"0":0,"1":0,"2":0},"b":{"0":[0,0],"1":[0,0],"2":[0,0],"3":[0,0],"4":[0,0]}}
,"/home/itarget/loja_3/services/stripeService.js": {"path":"/home/itarget/loja_3/services/stripeService.js","statementMap":{"0":{"start":{"line":1,"column":15},"end":{"line":1,"column":32}},"1":{"start":{"line":2,"column":15},"end":{"line":2,"column":52}},"2":{"start":{"line":5,"column":2},"end":{"line":14,"column":5}},"3":{"start":{"line":18,"column":2},"end":{"line":27,"column":5}},"4":{"start":{"line":31,"column":2},"end":{"line":53,"column":5}},"5":{"start":{"line":57,"column":2},"end":{"line":57,"column":57}},"6":{"start":{"line":61,"column":15},"end":{"line":68,"column":3}},"7":{"start":{"line":69,"column":2},"end":{"line":69,"column":42}},"8":{"start":{"line":72,"column":0},"end":{"line":72,"column":108}}},"fnMap":{"0":{"name":"criarPagamentoPix","decl":{"start":{"line":4,"column":15},"end":{"line":4,"column":32}},"loc":{"start":{"line":4,"column":65},"end":{"line":15,"column":1}},"line":4},"1":{"name":"criarPagamentoCartao","decl":{"start":{"line":17,"column":15},"end":{"line":17,"column":35}},"loc":{"start":{"line":17,"column":85},"end":{"line":28,"column":1}},"line":17},"2":{"name":"criarBoleto","decl":{"start":{"line":30,"column":15},"end":{"line":30,"column":26}},"loc":{"start":{"line":30,"column":118},"end":{"line":54,"column":1}},"line":30},"3":{"name":"consultarPagamento","decl":{"start":{"line":56,"column":15},"end":{"line":56,"column":33}},"loc":{"start":{"line":56,"column":51},"end":{"line":58,"column":1}},"line":56},"4":{"name":"mapearStatus","decl":{"start":{"line":60,"column":9},"end":{"line":60,"column":21}},"loc":{"start":{"line":60,"column":36},"end":{"line":70,"column":1}},"line":60}},"branchMap":{"0":{"loc":{"start":{"line":37,"column":25},"end":{"line":37,"column":45}},"type":"binary-expr","locations":[{"start":{"line":37,"column":25},"end":{"line":37,"column":28}},{"start":{"line":37,"column":32},"end":{"line":37,"column":45}}],"line":37},"1":{"loc":{"start":{"line":42,"column":20},"end":{"line":42,"column":36}},"type":"binary-expr","locations":[{"start":{"line":42,"column":20},"end":{"line":42,"column":30}},{"start":{"line":42,"column":34},"end":{"line":42,"column":36}}],"line":42},"2":{"loc":{"start":{"line":42,"column":41},"end":{"line":42,"column":53}},"type":"binary-expr","locations":[{"start":{"line":42,"column":41},"end":{"line":42,"column":47}},{"start":{"line":42,"column":51},"end":{"line":42,"column":53}}],"line":42},"3":{"loc":{"start":{"line":43,"column":16},"end":{"line":43,"column":28}},"type":"binary-expr","locations":[{"start":{"line":43,"column":16},"end":{"line":43,"column":22}},{"start":{"line":43,"column":26},"end":{"line":43,"column":28}}],"line":43},"4":{"loc":{"start":{"line":44,"column":17},"end":{"line":44,"column":29}},"type":"binary-expr","locations":[{"start":{"line":44,"column":17},"end":{"line":44,"column":23}},{"start":{"line":44,"column":27},"end":{"line":44,"column":29}}],"line":44},"5":{"loc":{"start":{"line":45,"column":24},"end":{"line":45,"column":33}},"type":"binary-expr","locations":[{"start":{"line":45,"column":24},"end":{"line":45,"column":27}},{"start":{"line":45,"column":31},"end":{"line":45,"column":33}}],"line":45},"6":{"loc":{"start":{"line":69,"column":9},"end":{"line":69,"column":41}},"type":"binary-expr","locations":[{"start":{"line":69,"column":9},"end":{"line":69,"column":27}},{"start":{"line":69,"column":31},"end":{"line":69,"column":41}}],"line":69}},"s":{"0":0,"1":0,"2":0,"3":0,"4":0,"5":0,"6":0,"7":0,"8":0},"f":{"0":0,"1":0,"2":0,"3":0,"4":0},"b":{"0":[0,0],"1":[0,0],"2":[0,0],"3":[0,0],"4":[0,0],"5":[0,0],"6":[0,0]}}
,"/home/itarget/loja_3/services/sumupService.js": {"path":"/home/itarget/loja_3/services/sumupService.js","statementMap":{"0":{"start":{"line":1,"column":14},"end":{"line":1,"column":30}},"1":{"start":{"line":4,"column":14},"end":{"line":4,"column":39}},"2":{"start":{"line":5,"column":2},"end":{"line":40,"column":5}},"3":{"start":{"line":6,"column":17},"end":{"line":6,"column":51}},"4":{"start":{"line":7,"column":17},"end":{"line":17,"column":5}},"5":{"start":{"line":18,"column":16},"end":{"line":36,"column":6}},"6":{"start":{"line":19,"column":14},"end":{"line":19,"column":16}},"7":{"start":{"line":20,"column":6},"end":{"line":20,"column":34}},"8":{"start":{"line":20,"column":26},"end":{"line":20,"column":32}},"9":{"start":{"line":21,"column":6},"end":{"line":35,"column":9}},"10":{"start":{"line":22,"column":8},"end":{"line":34,"column":9}},"11":{"start":{"line":23,"column":23},"end":{"line":23,"column":36}},"12":{"start":{"line":24,"column":10},"end":{"line":31,"column":11}},"13":{"start":{"line":25,"column":24},"end":{"line":25,"column":97}},"14":{"start":{"line":26,"column":12},"end":{"line":26,"column":44}},"15":{"start":{"line":27,"column":12},"end":{"line":27,"column":28}},"16":{"start":{"line":28,"column":12},"end":{"line":28,"column":24}},"17":{"start":{"line":30,"column":12},"end":{"line":30,"column":26}},"18":{"start":{"line":33,"column":10},"end":{"line":33,"column":21}},"19":{"start":{"line":37,"column":4},"end":{"line":37,"column":28}},"20":{"start":{"line":38,"column":4},"end":{"line":38,"column":30}},"21":{"start":{"line":38,"column":14},"end":{"line":38,"column":30}},"22":{"start":{"line":39,"column":4},"end":{"line":39,"column":14}},"23":{"start":{"line":44,"column":15},"end":{"line":44,"column":46}},"24":{"start":{"line":45,"column":2},"end":{"line":45,"column":76}},"25":{"start":{"line":45,"column":13},"end":{"line":45,"column":76}},"26":{"start":{"line":46,"column":2},"end":{"line":46,"column":14}},"27":{"start":{"line":56,"column":2},"end":{"line":65,"column":5}},"28":{"start":{"line":72,"column":2},"end":{"line":72,"column":60}},"29":{"start":{"line":107,"column":15},"end":{"line":123,"column":3}},"30":{"start":{"line":124,"column":2},"end":{"line":124,"column":36}},"31":{"start":{"line":127,"column":0},"end":{"line":131,"column":2}}},"fnMap":{"0":{"name":"apiRequest","decl":{"start":{"line":3,"column":9},"end":{"line":3,"column":19}},"loc":{"start":{"line":3,"column":40},"end":{"line":41,"column":1}},"line":3},"1":{"name":"(anonymous_1)","decl":{"start":{"line":5,"column":21},"end":{"line":5,"column":22}},"loc":{"start":{"line":5,"column":42},"end":{"line":40,"column":3}},"line":5},"2":{"name":"(anonymous_2)","decl":{"start":{"line":18,"column":36},"end":{"line":18,"column":37}},"loc":{"start":{"line":18,"column":45},"end":{"line":36,"column":5}},"line":18},"3":{"name":"(anonymous_3)","decl":{"start":{"line":20,"column":21},"end":{"line":20,"column":22}},"loc":{"start":{"line":20,"column":26},"end":{"line":20,"column":32}},"line":20},"4":{"name":"(anonymous_4)","decl":{"start":{"line":21,"column":20},"end":{"line":21,"column":21}},"loc":{"start":{"line":21,"column":26},"end":{"line":35,"column":7}},"line":21},"5":{"name":"merchantCode","decl":{"start":{"line":43,"column":9},"end":{"line":43,"column":21}},"loc":{"start":{"line":43,"column":24},"end":{"line":47,"column":1}},"line":43},"6":{"name":"criarCheckoutOnline","decl":{"start":{"line":55,"column":15},"end":{"line":55,"column":34}},"loc":{"start":{"line":55,"column":87},"end":{"line":66,"column":1}},"line":55},"7":{"name":"consultarCheckout","decl":{"start":{"line":71,"column":15},"end":{"line":71,"column":32}},"loc":{"start":{"line":71,"column":45},"end":{"line":73,"column":1}},"line":71},"8":{"name":"mapearStatus","decl":{"start":{"line":106,"column":9},"end":{"line":106,"column":21}},"loc":{"start":{"line":106,"column":30},"end":{"line":125,"column":1}},"line":106}},"branchMap":{"0":{"loc":{"start":{"line":6,"column":17},"end":{"line":6,"column":51}},"type":"cond-expr","locations":[{"start":{"line":6,"column":24},"end":{"line":6,"column":44}},{"start":{"line":6,"column":47},"end":{"line":6,"column":51}}],"line":6},"1":{"loc":{"start":{"line":15,"column":12},"end":{"line":15,"column":69}},"type":"cond-expr","locations":[{"start":{"line":15,"column":19},"end":{"line":15,"column":64}},{"start":{"line":15,"column":67},"end":{"line":15,"column":69}}],"line":15},"2":{"loc":{"start":{"line":24,"column":10},"end":{"line":31,"column":11}},"type":"if","locations":[{"start":{"line":24,"column":10},"end":{"line":31,"column":11}},{"start":{"line":29,"column":17},"end":{"line":31,"column":11}}],"line":24},"3":{"loc":{"start":{"line":25,"column":34},"end":{"line":25,"column":96}},"type":"binary-expr","locations":[{"start":{"line":25,"column":34},"end":{"line":25,"column":46}},{"start":{"line":25,"column":50},"end":{"line":25,"column":61}},{"start":{"line":25,"column":65},"end":{"line":25,"column":96}}],"line":25},"4":{"loc":{"start":{"line":38,"column":4},"end":{"line":38,"column":30}},"type":"if","locations":[{"start":{"line":38,"column":4},"end":{"line":38,"column":30}},{"start":{},"end":{}}],"line":38},"5":{"loc":{"start":{"line":45,"column":2},"end":{"line":45,"column":76}},"type":"if","locations":[{"start":{"line":45,"column":2},"end":{"line":45,"column":76}},{"start":{},"end":{}}],"line":45},"6":{"loc":{"start":{"line":61,"column":17},"end":{"line":61,"column":51}},"type":"binary-expr","locations":[{"start":{"line":61,"column":17},"end":{"line":61,"column":26}},{"start":{"line":61,"column":30},"end":{"line":61,"column":51}}],"line":61},"7":{"loc":{"start":{"line":124,"column":9},"end":{"line":124,"column":35}},"type":"binary-expr","locations":[{"start":{"line":124,"column":9},"end":{"line":124,"column":21}},{"start":{"line":124,"column":25},"end":{"line":124,"column":35}}],"line":124}},"s":{"0":0,"1":0,"2":0,"3":0,"4":0,"5":0,"6":0,"7":0,"8":0,"9":0,"10":0,"11":0,"12":0,"13":0,"14":0,"15":0,"16":0,"17":0,"18":0,"19":0,"20":0,"21":0,"22":0,"23":0,"24":0,"25":0,"26":0,"27":0,"28":0,"29":0,"30":0,"31":0},"f":{"0":0,"1":0,"2":0,"3":0,"4":0,"5":0,"6":0,"7":0,"8":0},"b":{"0":[0,0],"1":[0,0],"2":[0,0],"3":[0,0,0],"4":[0,0],"5":[0,0],"6":[0,0],"7":[0,0]}}
}
