TN:
SF:controllers/agendaController.js
FN:3,getAgendaConfig
FN:8,getDisponibilidade
FN:41,getDisponibilidadeRange
FN:49,(anonymous_3)
FN:58,(anonymous_4)
FN:104,(anonymous_5)
FN:113,(anonymous_6)
FN:129,(anonymous_7)
FN:147,(anonymous_8)
FN:171,(anonymous_9)
FN:193,(anonymous_10)
FN:207,(anonymous_11)
FN:213,(anonymous_12)
FN:228,(anonymous_13)
FNF:14
FNH:0
FNDA:0,getAgendaConfig
FNDA:0,getDisponibilidade
FNDA:0,getDisponibilidadeRange
FNDA:0,(anonymous_3)
FNDA:0,(anonymous_4)
FNDA:0,(anonymous_5)
FNDA:0,(anonymous_6)
FNDA:0,(anonymous_7)
FNDA:0,(anonymous_8)
FNDA:0,(anonymous_9)
FNDA:0,(anonymous_10)
FNDA:0,(anonymous_11)
FNDA:0,(anonymous_12)
FNDA:0,(anonymous_13)
DA:4,0
DA:5,0
DA:9,0
DA:11,0
DA:12,0
DA:14,0
DA:15,0
DA:16,0
DA:18,0
DA:19,0
DA:20,0
DA:21,0
DA:23,0
DA:27,0
DA:28,0
DA:31,0
DA:35,0
DA:36,0
DA:38,0
DA:42,0
DA:44,0
DA:48,0
DA:49,0
DA:51,0
DA:57,0
DA:58,0
DA:60,0
DA:61,0
DA:62,0
DA:64,0
DA:65,0
DA:66,0
DA:67,0
DA:68,0
DA:69,0
DA:71,0
DA:72,0
DA:73,0
DA:74,0
DA:76,0
DA:80,0
DA:81,0
DA:83,0
DA:92,0
DA:95,0
DA:98,0
DA:99,0
DA:100,0
DA:104,0
DA:105,0
DA:106,0
DA:108,0
DA:109,0
DA:111,0
DA:112,0
DA:113,0
DA:114,0
DA:116,0
DA:121,0
DA:128,0
DA:129,0
DA:131,0
DA:140,0
DA:141,0
DA:147,0
DA:148,0
DA:149,0
DA:150,0
DA:151,0
DA:162,0
DA:164,0
DA:165,0
DA:171,0
DA:172,0
DA:173,0
DA:174,0
DA:175,0
DA:176,0
DA:178,0
DA:179,0
DA:184,0
DA:186,0
DA:187,0
DA:193,0
DA:194,0
DA:195,0
DA:196,0
DA:197,0
DA:198,0
DA:200,0
DA:201,0
DA:207,0
DA:208,0
DA:209,0
DA:210,0
DA:211,0
DA:213,0
DA:214,0
DA:215,0
DA:216,0
DA:218,0
DA:219,0
DA:221,0
DA:222,0
DA:228,0
DA:229,0
DA:230,0
DA:231,0
DA:232,0
DA:234,0
DA:235,0
DA:237,0
DA:238,0
LF:113
LH:0
BRDA:5,0,0,0
BRDA:5,0,1,0
BRDA:18,1,0,0
BRDA:18,1,1,0
BRDA:20,2,0,0
BRDA:20,2,1,0
BRDA:20,3,0,0
BRDA:20,3,1,0
BRDA:27,4,0,0
BRDA:27,4,1,0
BRDA:71,5,0,0
BRDA:71,5,1,0
BRDA:73,6,0,0
BRDA:73,6,1,0
BRDA:73,7,0,0
BRDA:73,7,1,0
BRDA:80,8,0,0
BRDA:80,8,1,0
BRDA:81,9,0,0
BRDA:81,9,1,0
BRDA:84,10,0,0
BRDA:84,10,1,0
BRDA:85,11,0,0
BRDA:85,11,1,0
BRDA:108,12,0,0
BRDA:108,12,1,0
BRDA:137,13,0,0
BRDA:137,13,1,0
BRDA:149,14,0,0
BRDA:149,14,1,0
BRDA:158,15,0,0
BRDA:158,15,1,0
BRDA:159,16,0,0
BRDA:159,16,1,0
BRDA:160,17,0,0
BRDA:160,17,1,0
BRDA:173,18,0,0
BRDA:173,18,1,0
BRDA:173,19,0,0
BRDA:173,19,1,0
BRDA:175,20,0,0
BRDA:175,20,1,0
BRDA:175,21,0,0
BRDA:175,21,1,0
BRDA:178,22,0,0
BRDA:178,22,1,0
BRDA:178,23,0,0
BRDA:178,23,1,0
BRDA:183,24,0,0
BRDA:183,24,1,0
BRDA:195,25,0,0
BRDA:195,25,1,0
BRDA:209,26,0,0
BRDA:209,26,1,0
BRDA:211,27,0,0
BRDA:211,27,1,0
BRDA:211,28,0,0
BRDA:211,28,1,0
BRDA:231,29,0,0
BRDA:231,29,1,0
BRDA:231,30,0,0
BRDA:231,30,1,0
BRF:62
BRH:0
end_of_record
TN:
SF:controllers/aparenciaController.js
FN:1,(anonymous_0)
FN:7,(anonymous_1)
FN:19,(anonymous_2)
FNF:3
FNH:0
FNDA:0,(anonymous_0)
FNDA:0,(anonymous_1)
FNDA:0,(anonymous_2)
DA:1,0
DA:2,0
DA:3,0
DA:6,0
DA:7,0
DA:8,0
DA:14,0
DA:15,0
DA:19,0
DA:20,0
DA:22,0
DA:31,0
DA:32,0
DA:34,0
DA:35,0
DA:38,0
DA:39,0
DA:40,0
DA:45,0
DA:47,0
DA:48,0
LF:21
LH:0
BRDA:23,0,0,0
BRDA:23,0,1,0
BRDA:24,1,0,0
BRDA:24,1,1,0
BRDA:25,2,0,0
BRDA:25,2,1,0
BRDA:26,3,0,0
BRDA:26,3,1,0
BRDA:27,4,0,0
BRDA:27,4,1,0
BRDA:28,5,0,0
BRDA:28,5,1,0
BRDA:31,6,0,0
BRDA:31,6,1,0
BRDA:34,7,0,0
BRDA:34,7,1,0
BRF:16
BRH:0
end_of_record
TN:
SF:controllers/authController.js
FN:19,(anonymous_0)
FN:24,(anonymous_1)
FN:86,(anonymous_2)
FN:87,(anonymous_3)
FN:97,(anonymous_4)
FN:98,(anonymous_5)
FN:116,(anonymous_6)
FN:126,(anonymous_7)
FN:131,(anonymous_8)
FN:135,(anonymous_9)
FN:202,(anonymous_10)
FN:219,(anonymous_11)
FN:260,(anonymous_12)
FN:264,(anonymous_13)
FN:318,(anonymous_14)
FN:325,(anonymous_15)
FN:363,(anonymous_16)
FN:372,(anonymous_17)
FN:383,validarCPF
FN:400,registrarTentativaFalha
FN:417,contarTentativasIp
FN:422,incrementarFalhaUsuario
FN:436,limparTentativas
FNF:23
FNH:0
FNDA:0,(anonymous_0)
FNDA:0,(anonymous_1)
FNDA:0,(anonymous_2)
FNDA:0,(anonymous_3)
FNDA:0,(anonymous_4)
FNDA:0,(anonymous_5)
FNDA:0,(anonymous_6)
FNDA:0,(anonymous_7)
FNDA:0,(anonymous_8)
FNDA:0,(anonymous_9)
FNDA:0,(anonymous_10)
FNDA:0,(anonymous_11)
FNDA:0,(anonymous_12)
FNDA:0,(anonymous_13)
FNDA:0,(anonymous_14)
FNDA:0,(anonymous_15)
FNDA:0,(anonymous_16)
FNDA:0,(anonymous_17)
FNDA:0,validarCPF
FNDA:0,registrarTentativaFalha
FNDA:0,contarTentativasIp
FNDA:0,incrementarFalhaUsuario
FNDA:0,limparTentativas
DA:1,0
DA:2,0
DA:3,0
DA:4,0
DA:6,0
DA:7,0
DA:8,0
DA:10,0
DA:19,0
DA:20,0
DA:21,0
DA:24,0
DA:25,0
DA:26,0
DA:28,0
DA:29,0
DA:32,0
DA:34,0
DA:38,0
DA:39,0
DA:40,0
DA:46,0
DA:51,0
DA:54,0
DA:55,0
DA:56,0
DA:62,0
DA:64,0
DA:65,0
DA:66,0
DA:68,0
DA:69,0
DA:71,0
DA:80,0
DA:83,0
DA:86,0
DA:87,0
DA:90,0
DA:91,0
DA:92,0
DA:93,0
DA:94,0
DA:97,0
DA:98,0
DA:102,0
DA:104,0
DA:105,0
DA:107,0
DA:109,0
DA:110,0
DA:116,0
DA:118,0
DA:119,0
DA:120,0
DA:121,0
DA:122,0
DA:123,0
DA:124,0
DA:125,0
DA:126,0
DA:131,0
DA:132,0
DA:135,0
DA:136,0
DA:137,0
DA:138,0
DA:140,0
DA:141,0
DA:143,0
DA:144,0
DA:148,0
DA:149,0
DA:150,0
DA:154,0
DA:158,0
DA:162,0
DA:163,0
DA:167,0
DA:172,0
DA:173,0
DA:174,0
DA:176,0
DA:182,0
DA:183,0
DA:185,0
DA:187,0
DA:192,0
DA:195,0
DA:197,0
DA:198,0
DA:202,0
DA:203,0
DA:204,0
DA:206,0
DA:212,0
DA:213,0
DA:216,0
DA:219,0
DA:220,0
DA:221,0
DA:223,0
DA:224,0
DA:226,0
DA:227,0
DA:230,0
DA:232,0
DA:233,0
DA:239,0
DA:240,0
DA:243,0
DA:245,0
DA:248,0
DA:250,0
DA:251,0
DA:253,0
DA:254,0
DA:260,0
DA:261,0
DA:264,0
DA:268,0
DA:270,0
DA:271,0
DA:273,0
DA:274,0
DA:275,0
DA:276,0
DA:277,0
DA:278,0
DA:279,0
DA:280,0
DA:281,0
DA:282,0
DA:283,0
DA:285,0
DA:287,0
DA:288,0
DA:289,0
DA:290,0
DA:293,0
DA:294,0
DA:295,0
DA:297,0
DA:306,0
DA:308,0
DA:309,0
DA:311,0
DA:312,0
DA:318,0
DA:319,0
DA:322,0
DA:325,0
DA:326,0
DA:328,0
DA:329,0
DA:330,0
DA:331,0
DA:332,0
DA:334,0
DA:335,0
DA:336,0
DA:339,0
DA:340,0
DA:341,0
DA:342,0
DA:343,0
DA:346,0
DA:347,0
DA:349,0
DA:354,0
DA:355,0
DA:357,0
DA:358,0
DA:359,0
DA:363,0
DA:364,0
DA:365,0
DA:366,0
DA:368,0
DA:369,0
DA:372,0
DA:373,0
DA:374,0
DA:375,0
DA:377,0
DA:378,0
DA:384,0
DA:385,0
DA:386,0
DA:387,0
DA:388,0
DA:389,0
DA:390,0
DA:391,0
DA:392,0
DA:393,0
DA:394,0
DA:395,0
DA:401,0
DA:418,0
DA:419,0
DA:423,0
DA:437,0
DA:438,0
DA:439,0
LF:204
LH:0
BRDA:6,0,0,0
BRDA:6,0,1,0
BRDA:7,1,0,0
BRDA:7,1,1,0
BRDA:8,2,0,0
BRDA:8,2,1,0
BRDA:20,3,0,0
BRDA:20,3,1,0
BRDA:28,4,0,0
BRDA:28,4,1,0
BRDA:28,5,0,0
BRDA:28,5,1,0
BRDA:38,6,0,0
BRDA:38,6,1,0
BRDA:54,7,0,0
BRDA:54,7,1,0
BRDA:54,8,0,0
BRDA:54,8,1,0
BRDA:54,8,2,0
BRDA:62,9,0,0
BRDA:62,9,1,0
BRDA:64,10,0,0
BRDA:64,10,1,0
BRDA:66,11,0,0
BRDA:66,11,1,0
BRDA:72,12,0,0
BRDA:72,12,1,0
BRDA:87,13,0,0
BRDA:87,13,1,0
BRDA:90,14,0,0
BRDA:90,14,1,0
BRDA:98,15,0,0
BRDA:98,15,1,0
BRDA:104,16,0,0
BRDA:104,16,1,0
BRDA:104,17,0,0
BRDA:104,17,1,0
BRDA:125,18,0,0
BRDA:125,18,1,0
BRDA:143,19,0,0
BRDA:143,19,1,0
BRDA:143,20,0,0
BRDA:143,20,1,0
BRDA:149,21,0,0
BRDA:149,21,1,0
BRDA:158,22,0,0
BRDA:158,22,1,0
BRDA:162,23,0,0
BRDA:162,23,1,0
BRDA:179,24,0,0
BRDA:179,24,1,0
BRDA:182,25,0,0
BRDA:182,25,1,0
BRDA:188,26,0,0
BRDA:188,26,1,0
BRDA:212,27,0,0
BRDA:212,27,1,0
BRDA:223,28,0,0
BRDA:223,28,1,0
BRDA:223,29,0,0
BRDA:223,29,1,0
BRDA:226,30,0,0
BRDA:226,30,1,0
BRDA:239,31,0,0
BRDA:239,31,1,0
BRDA:273,32,0,0
BRDA:273,32,1,0
BRDA:273,33,0,0
BRDA:273,33,1,0
BRDA:274,34,0,0
BRDA:274,34,1,0
BRDA:274,35,0,0
BRDA:274,35,1,0
BRDA:275,36,0,0
BRDA:275,36,1,0
BRDA:275,37,0,0
BRDA:275,37,1,0
BRDA:276,38,0,0
BRDA:276,38,1,0
BRDA:277,39,0,0
BRDA:277,39,1,0
BRDA:277,40,0,0
BRDA:277,40,1,0
BRDA:278,41,0,0
BRDA:278,41,1,0
BRDA:278,42,0,0
BRDA:278,42,1,0
BRDA:279,43,0,0
BRDA:279,43,1,0
BRDA:280,44,0,0
BRDA:280,44,1,0
BRDA:281,45,0,0
BRDA:281,45,1,0
BRDA:282,46,0,0
BRDA:282,46,1,0
BRDA:283,47,0,0
BRDA:283,47,1,0
BRDA:285,48,0,0
BRDA:285,48,1,0
BRDA:289,49,0,0
BRDA:289,49,1,0
BRDA:302,50,0,0
BRDA:302,50,1,0
BRDA:329,51,0,0
BRDA:329,51,1,0
BRDA:329,52,0,0
BRDA:329,52,1,0
BRDA:330,53,0,0
BRDA:330,53,1,0
BRDA:330,54,0,0
BRDA:330,54,1,0
BRDA:331,55,0,0
BRDA:331,55,1,0
BRDA:331,56,0,0
BRDA:331,56,1,0
BRDA:332,57,0,0
BRDA:332,57,1,0
BRDA:332,58,0,0
BRDA:332,58,1,0
BRDA:334,59,0,0
BRDA:334,59,1,0
BRDA:341,60,0,0
BRDA:341,60,1,0
BRDA:346,61,0,0
BRDA:346,61,1,0
BRDA:365,62,0,0
BRDA:365,62,1,0
BRDA:374,63,0,0
BRDA:374,63,1,0
BRDA:385,64,0,0
BRDA:385,64,1,0
BRDA:385,65,0,0
BRDA:385,65,1,0
BRDA:389,66,0,0
BRDA:389,66,1,0
BRDA:389,67,0,0
BRDA:389,67,1,0
BRDA:390,68,0,0
BRDA:390,68,1,0
BRDA:394,69,0,0
BRDA:394,69,1,0
BRDA:394,70,0,0
BRDA:394,70,1,0
BRDA:419,71,0,0
BRDA:419,71,1,0
BRDA:438,72,0,0
BRDA:438,72,1,0
BRF:147
BRH:0
end_of_record
TN:
SF:controllers/bannerController.js
FN:7,(anonymous_0)
FN:25,(anonymous_1)
FN:42,(anonymous_2)
FN:76,(anonymous_3)
FN:98,(anonymous_4)
FN:136,(anonymous_5)
FN:155,(anonymous_6)
FNF:7
FNH:0
FNDA:0,(anonymous_0)
FNDA:0,(anonymous_1)
FNDA:0,(anonymous_2)
FNDA:0,(anonymous_3)
FNDA:0,(anonymous_4)
FNDA:0,(anonymous_5)
FNDA:0,(anonymous_6)
DA:1,0
DA:2,0
DA:7,0
DA:8,0
DA:9,0
DA:15,0
DA:17,0
DA:18,0
DA:25,0
DA:26,0
DA:27,0
DA:28,0
DA:34,0
DA:35,0
DA:42,0
DA:43,0
DA:44,0
DA:45,0
DA:46,0
DA:48,0
DA:49,0
DA:50,0
DA:52,0
DA:66,0
DA:68,0
DA:69,0
DA:76,0
DA:77,0
DA:78,0
DA:79,0
DA:80,0
DA:81,0
DA:83,0
DA:84,0
DA:90,0
DA:91,0
DA:98,0
DA:99,0
DA:100,0
DA:101,0
DA:102,0
DA:103,0
DA:104,0
DA:106,0
DA:107,0
DA:108,0
DA:109,0
DA:110,0
DA:112,0
DA:119,0
DA:126,0
DA:128,0
DA:129,0
DA:136,0
DA:137,0
DA:138,0
DA:139,0
DA:140,0
DA:141,0
DA:142,0
DA:143,0
DA:145,0
DA:147,0
DA:148,0
DA:155,0
DA:156,0
DA:157,0
DA:158,0
DA:159,0
DA:161,0
DA:162,0
LF:71
LH:0
BRDA:45,0,0,0
BRDA:45,0,1,0
BRDA:49,1,0,0
BRDA:49,1,1,0
BRDA:49,2,0,0
BRDA:49,2,1,0
BRDA:50,3,0,0
BRDA:50,3,1,0
BRDA:50,4,0,0
BRDA:50,4,1,0
BRDA:57,5,0,0
BRDA:57,5,1,0
BRDA:59,6,0,0
BRDA:59,6,1,0
BRDA:62,7,0,0
BRDA:62,7,1,0
BRDA:63,8,0,0
BRDA:63,8,1,0
BRDA:80,9,0,0
BRDA:80,9,1,0
BRDA:102,10,0,0
BRDA:102,10,1,0
BRDA:102,11,0,0
BRDA:102,11,1,0
BRDA:103,12,0,0
BRDA:103,12,1,0
BRDA:103,13,0,0
BRDA:103,13,1,0
BRDA:104,14,0,0
BRDA:104,14,1,0
BRDA:106,15,0,0
BRDA:106,15,1,0
BRDA:108,16,0,0
BRDA:108,16,1,0
BRDA:115,17,0,0
BRDA:115,17,1,0
BRDA:115,18,0,0
BRDA:115,18,1,0
BRDA:116,19,0,0
BRDA:116,19,1,0
BRDA:122,20,0,0
BRDA:122,20,1,0
BRDA:122,21,0,0
BRDA:122,21,1,0
BRDA:123,22,0,0
BRDA:123,22,1,0
BRDA:140,23,0,0
BRDA:140,23,1,0
BRF:48
BRH:0
end_of_record
TN:
SF:controllers/billingController.js
FN:7,(anonymous_0)
FN:36,(anonymous_1)
FN:67,(anonymous_2)
FN:104,(anonymous_3)
FN:121,(anonymous_4)
FN:140,(anonymous_5)
FN:186,(anonymous_6)
FN:207,(anonymous_7)
FN:273,(anonymous_8)
FNF:9
FNH:0
FNDA:0,(anonymous_0)
FNDA:0,(anonymous_1)
FNDA:0,(anonymous_2)
FNDA:0,(anonymous_3)
FNDA:0,(anonymous_4)
FNDA:0,(anonymous_5)
FNDA:0,(anonymous_6)
FNDA:0,(anonymous_7)
FNDA:0,(anonymous_8)
DA:1,0
DA:2,0
DA:7,0
DA:8,0
DA:9,0
DA:24,0
DA:28,0
DA:29,0
DA:36,0
DA:37,0
DA:39,0
DA:40,0
DA:43,0
DA:44,0
DA:46,0
DA:47,0
DA:51,0
DA:53,0
DA:59,0
DA:60,0
DA:67,0
DA:68,0
DA:69,0
DA:71,0
DA:88,0
DA:89,0
DA:92,0
DA:96,0
DA:97,0
DA:104,0
DA:105,0
DA:106,0
DA:107,0
DA:109,0
DA:111,0
DA:113,0
DA:114,0
DA:121,0
DA:122,0
DA:123,0
DA:124,0
DA:126,0
DA:128,0
DA:132,0
DA:133,0
DA:140,0
DA:141,0
DA:142,0
DA:143,0
DA:145,0
DA:151,0
DA:152,0
DA:156,0
DA:158,0
DA:159,0
DA:171,0
DA:174,0
DA:178,0
DA:179,0
DA:186,0
DA:187,0
DA:189,0
DA:190,0
DA:193,0
DA:195,0
DA:197,0
DA:199,0
DA:200,0
DA:207,0
DA:208,0
DA:210,0
DA:211,0
DA:214,0
DA:216,0
DA:232,0
DA:234,0
DA:235,0
DA:236,0
DA:239,0
DA:240,0
DA:241,0
DA:244,0
DA:245,0
DA:247,0
DA:249,0
DA:256,0
DA:265,0
DA:266,0
DA:273,0
DA:274,0
DA:276,0
DA:277,0
DA:280,0
DA:302,0
DA:306,0
DA:307,0
LF:96
LH:0
BRDA:39,0,0,0
BRDA:39,0,1,0
BRDA:46,1,0,0
BRDA:46,1,1,0
BRDA:60,2,0,0
BRDA:60,2,1,0
BRDA:88,3,0,0
BRDA:88,3,1,0
BRDA:124,4,0,0
BRDA:151,5,0,0
BRDA:151,5,1,0
BRDA:158,6,0,0
BRDA:158,6,1,0
BRDA:158,7,0,0
BRDA:158,7,1,0
BRDA:189,8,0,0
BRDA:189,8,1,0
BRDA:210,9,0,0
BRDA:210,9,1,0
BRDA:214,10,0,0
BRDA:214,11,0,0
BRDA:234,12,0,0
BRDA:234,12,1,0
BRDA:239,13,0,0
BRDA:239,13,1,0
BRDA:252,14,0,0
BRDA:252,14,1,0
BRDA:253,15,0,0
BRDA:253,15,1,0
BRDA:253,16,0,0
BRDA:253,16,1,0
BRDA:254,17,0,0
BRDA:254,17,1,0
BRDA:254,18,0,0
BRDA:254,18,1,0
BRDA:254,19,0,0
BRDA:254,19,1,0
BRDA:254,20,0,0
BRDA:254,20,1,0
BRDA:276,21,0,0
BRDA:276,21,1,0
BRF:41
BRH:0
end_of_record
TN:
SF:controllers/carrinhoController.js
FN:1,getCarrinho
FN:16,(anonymous_1)
FN:19,(anonymous_2)
FN:27,(anonymous_3)
FN:39,(anonymous_4)
FN:42,(anonymous_5)
FN:90,(anonymous_6)
FN:106,(anonymous_7)
FN:107,(anonymous_8)
FN:115,(anonymous_9)
FN:120,(anonymous_10)
FN:121,(anonymous_11)
FN:129,(anonymous_12)
FN:138,contagemItens
FNF:14
FNH:0
FNDA:0,getCarrinho
FNDA:0,(anonymous_1)
FNDA:0,(anonymous_2)
FNDA:0,(anonymous_3)
FNDA:0,(anonymous_4)
FNDA:0,(anonymous_5)
FNDA:0,(anonymous_6)
FNDA:0,(anonymous_7)
FNDA:0,(anonymous_8)
FNDA:0,(anonymous_9)
FNDA:0,(anonymous_10)
FNDA:0,(anonymous_11)
FNDA:0,(anonymous_12)
FNDA:0,contagemItens
DA:2,0
DA:13,0
DA:16,0
DA:17,0
DA:18,0
DA:19,0
DA:20,0
DA:22,0
DA:23,0
DA:27,0
DA:28,0
DA:29,0
DA:30,0
DA:32,0
DA:33,0
DA:34,0
DA:37,0
DA:39,0
DA:41,0
DA:42,0
DA:44,0
DA:45,0
DA:47,0
DA:49,0
DA:53,0
DA:54,0
DA:55,0
DA:56,0
DA:59,0
DA:60,0
DA:63,0
DA:67,0
DA:68,0
DA:69,0
DA:74,0
DA:82,0
DA:83,0
DA:85,0
DA:86,0
DA:90,0
DA:91,0
DA:92,0
DA:93,0
DA:95,0
DA:96,0
DA:97,0
DA:99,0
DA:105,0
DA:106,0
DA:107,0
DA:108,0
DA:110,0
DA:111,0
DA:115,0
DA:116,0
DA:117,0
DA:118,0
DA:119,0
DA:120,0
DA:121,0
DA:122,0
DA:124,0
DA:125,0
DA:129,0
DA:130,0
DA:131,0
DA:132,0
DA:134,0
DA:139,0
DA:143,0
LF:70
LH:0
BRDA:30,0,0,0
BRDA:30,0,1,0
BRDA:34,1,0,0
BRDA:34,1,1,0
BRDA:44,2,0,0
BRDA:44,2,1,0
BRDA:44,3,0,0
BRDA:44,3,1,0
BRDA:47,4,0,0
BRDA:47,4,1,0
BRDA:54,5,0,0
BRDA:54,5,1,0
BRDA:56,6,0,0
BRDA:56,6,1,0
BRDA:59,7,0,0
BRDA:59,7,1,0
BRDA:67,8,0,0
BRDA:67,8,1,0
BRDA:68,9,0,0
BRDA:68,9,1,0
BRDA:96,10,0,0
BRDA:96,10,1,0
BRDA:96,11,0,0
BRDA:96,11,1,0
BRF:24
BRH:0
end_of_record
TN:
SF:controllers/categoriaController.js
FN:1,(anonymous_0)
FN:17,(anonymous_1)
FN:30,(anonymous_2)
FN:48,(anonymous_3)
FN:71,(anonymous_4)
FNF:5
FNH:0
FNDA:0,(anonymous_0)
FNDA:0,(anonymous_1)
FNDA:0,(anonymous_2)
FNDA:0,(anonymous_3)
FNDA:0,(anonymous_4)
DA:1,0
DA:2,0
DA:3,0
DA:10,0
DA:12,0
DA:13,0
DA:17,0
DA:18,0
DA:19,0
DA:20,0
DA:23,0
DA:25,0
DA:26,0
DA:30,0
DA:31,0
DA:32,0
DA:36,0
DA:37,0
DA:43,0
DA:44,0
DA:48,0
DA:49,0
DA:50,0
DA:51,0
DA:52,0
DA:56,0
DA:57,0
DA:58,0
DA:59,0
DA:64,0
DA:66,0
DA:67,0
DA:71,0
DA:72,0
DA:73,0
DA:74,0
DA:75,0
DA:77,0
DA:78,0
LF:39
LH:0
BRDA:36,0,0,0
BRDA:36,0,1,0
BRDA:54,1,0,0
BRDA:54,1,1,0
BRDA:57,2,0,0
BRDA:57,2,1,0
BRDA:57,3,0,0
BRDA:57,3,1,0
BRDA:58,4,0,0
BRDA:58,4,1,0
BRF:10
BRH:0
end_of_record
TN:
SF:controllers/chatController.js
FN:1,(anonymous_0)
FN:23,(anonymous_1)
FN:37,(anonymous_2)
FN:54,(anonymous_3)
FN:68,(anonymous_4)
FN:86,(anonymous_5)
FNF:6
FNH:0
FNDA:0,(anonymous_0)
FNDA:0,(anonymous_1)
FNDA:0,(anonymous_2)
FNDA:0,(anonymous_3)
FNDA:0,(anonymous_4)
FNDA:0,(anonymous_5)
DA:1,0
DA:2,0
DA:3,0
DA:12,0
DA:18,0
DA:19,0
DA:23,0
DA:24,0
DA:25,0
DA:31,0
DA:33,0
DA:37,0
DA:38,0
DA:39,0
DA:40,0
DA:44,0
DA:48,0
DA:50,0
DA:54,0
DA:55,0
DA:56,0
DA:57,0
DA:58,0
DA:62,0
DA:64,0
DA:68,0
DA:69,0
DA:70,0
DA:71,0
DA:72,0
DA:73,0
DA:79,0
DA:80,0
DA:82,0
DA:86,0
DA:87,0
DA:88,0
DA:89,0
DA:90,0
DA:92,0
LF:40
LH:0
BRDA:57,0,0,0
BRDA:57,0,1,0
BRDA:57,1,0,0
BRDA:57,1,1,0
BRDA:60,2,0,0
BRDA:60,2,1,0
BRDA:72,3,0,0
BRDA:72,3,1,0
BRDA:72,4,0,0
BRDA:72,4,1,0
BRDA:77,5,0,0
BRDA:77,5,1,0
BRDA:77,6,0,0
BRDA:77,6,1,0
BRDA:79,7,0,0
BRDA:79,7,1,0
BRF:16
BRH:0
end_of_record
TN:
SF:controllers/checkoutController.js
FN:11,getLojaInfo
FN:12,(anonymous_1)
FN:14,(anonymous_2)
FN:18,notificarPedidoPago
FN:30,getItensCarrinho
FN:45,getUsuario
FN:52,(anonymous_6)
FN:61,(anonymous_7)
FN:85,(anonymous_8)
FN:98,(anonymous_9)
FN:106,(anonymous_10)
FN:134,(anonymous_11)
FN:310,(anonymous_12)
FN:352,(anonymous_13)
FN:372,(anonymous_14)
FN:409,(anonymous_15)
FN:428,(anonymous_16)
FN:450,(anonymous_17)
FN:480,(anonymous_18)
FNF:19
FNH:0
FNDA:0,getLojaInfo
FNDA:0,(anonymous_1)
FNDA:0,(anonymous_2)
FNDA:0,notificarPedidoPago
FNDA:0,getItensCarrinho
FNDA:0,getUsuario
FNDA:0,(anonymous_6)
FNDA:0,(anonymous_7)
FNDA:0,(anonymous_8)
FNDA:0,(anonymous_9)
FNDA:0,(anonymous_10)
FNDA:0,(anonymous_11)
FNDA:0,(anonymous_12)
FNDA:0,(anonymous_13)
FNDA:0,(anonymous_14)
FNDA:0,(anonymous_15)
FNDA:0,(anonymous_16)
FNDA:0,(anonymous_17)
FNDA:0,(anonymous_18)
DA:1,0
DA:2,0
DA:3,0
DA:4,0
DA:5,0
DA:6,0
DA:7,0
DA:12,0
DA:13,0
DA:14,0
DA:15,0
DA:19,0
DA:20,0
DA:21,0
DA:22,0
DA:23,0
DA:24,0
DA:26,0
DA:31,0
DA:42,0
DA:46,0
DA:47,0
DA:52,0
DA:53,0
DA:54,0
DA:55,0
DA:57,0
DA:58,0
DA:61,0
DA:62,0
DA:63,0
DA:64,0
DA:65,0
DA:67,0
DA:78,0
DA:79,0
DA:85,0
DA:86,0
DA:87,0
DA:93,0
DA:96,0
DA:97,0
DA:98,0
DA:99,0
DA:100,0
DA:104,0
DA:105,0
DA:106,0
DA:107,0
DA:110,0
DA:113,0
DA:114,0
DA:115,0
DA:116,0
DA:117,0
DA:119,0
DA:120,0
DA:121,0
DA:125,0
DA:127,0
DA:128,0
DA:129,0
DA:130,0
DA:131,0
DA:134,0
DA:135,0
DA:136,0
DA:137,0
DA:139,0
DA:152,0
DA:154,0
DA:155,0
DA:162,0
DA:163,0
DA:167,0
DA:172,0
DA:173,0
DA:177,0
DA:178,0
DA:180,0
DA:181,0
DA:182,0
DA:186,0
DA:194,0
DA:203,0
DA:204,0
DA:205,0
DA:206,0
DA:209,0
DA:210,0
DA:211,0
DA:212,0
DA:214,0
DA:219,0
DA:220,0
DA:228,0
DA:233,0
DA:238,0
DA:239,0
DA:241,0
DA:243,0
DA:244,0
DA:249,0
DA:254,0
DA:255,0
DA:256,0
DA:257,0
DA:260,0
DA:261,0
DA:264,0
DA:266,0
DA:272,0
DA:278,0
DA:280,0
DA:281,0
DA:282,0
DA:285,0
DA:286,0
DA:288,0
DA:290,0
DA:293,0
DA:294,0
DA:296,0
DA:298,0
DA:299,0
DA:300,0
DA:301,0
DA:302,0
DA:303,0
DA:304,0
DA:310,0
DA:311,0
DA:312,0
DA:319,0
DA:321,0
DA:322,0
DA:323,0
DA:325,0
DA:326,0
DA:327,0
DA:329,0
DA:330,0
DA:331,0
DA:332,0
DA:333,0
DA:338,0
DA:339,0
DA:343,0
DA:345,0
DA:346,0
DA:352,0
DA:353,0
DA:354,0
DA:363,0
DA:365,0
DA:366,0
DA:372,0
DA:373,0
DA:374,0
DA:376,0
DA:377,0
DA:378,0
DA:379,0
DA:383,0
DA:386,0
DA:387,0
DA:390,0
DA:391,0
DA:392,0
DA:393,0
DA:400,0
DA:402,0
DA:403,0
DA:409,0
DA:410,0
DA:411,0
DA:421,0
DA:423,0
DA:424,0
DA:428,0
DA:429,0
DA:430,0
DA:437,0
DA:439,0
DA:440,0
DA:441,0
DA:443,0
DA:445,0
DA:446,0
DA:450,0
DA:451,0
DA:452,0
DA:453,0
DA:454,0
DA:456,0
DA:458,0
DA:463,0
DA:464,0
DA:465,0
DA:466,0
DA:467,0
DA:468,0
DA:471,0
DA:475,0
DA:480,0
DA:481,0
DA:482,0
DA:483,0
DA:484,0
DA:485,0
DA:486,0
DA:487,0
DA:489,0
DA:494,0
DA:498,0
DA:499,0
DA:502,0
DA:506,0
DA:508,0
DA:509,0
LF:220
LH:0
BRDA:15,0,0,0
BRDA:15,0,1,0
BRDA:15,1,0,0
BRDA:15,1,1,0
BRDA:21,2,0,0
BRDA:21,2,1,0
BRDA:23,3,0,0
BRDA:23,3,1,0
BRDA:57,4,0,0
BRDA:57,4,1,0
BRDA:64,5,0,0
BRDA:64,5,1,0
BRDA:71,6,0,0
BRDA:71,6,1,0
BRDA:75,7,0,0
BRDA:75,7,1,0
BRDA:97,8,0,0
BRDA:97,8,1,0
BRDA:104,9,0,0
BRDA:104,9,1,0
BRDA:105,10,0,0
BRDA:105,10,1,0
BRDA:105,11,0,0
BRDA:105,11,1,0
BRDA:115,12,0,0
BRDA:115,12,1,0
BRDA:116,13,0,0
BRDA:116,13,1,0
BRDA:116,14,0,0
BRDA:116,14,1,0
BRDA:120,15,0,0
BRDA:120,15,1,0
BRDA:129,16,0,0
BRDA:129,16,1,0
BRDA:136,17,0,0
BRDA:136,17,1,0
BRDA:162,18,0,0
BRDA:162,18,1,0
BRDA:162,19,0,0
BRDA:162,19,1,0
BRDA:180,20,0,0
BRDA:180,20,1,0
BRDA:200,21,0,0
BRDA:200,21,1,0
BRDA:203,22,0,0
BRDA:203,22,1,0
BRDA:205,23,0,0
BRDA:205,23,1,0
BRDA:209,24,0,0
BRDA:209,24,1,0
BRDA:210,25,0,0
BRDA:210,25,1,0
BRDA:219,26,0,0
BRDA:219,26,1,0
BRDA:241,27,0,0
BRDA:241,27,1,0
BRDA:241,27,2,0
BRDA:243,28,0,0
BRDA:243,28,1,0
BRDA:243,29,0,0
BRDA:243,29,1,0
BRDA:274,30,0,0
BRDA:274,30,1,0
BRDA:278,31,0,0
BRDA:278,31,1,0
BRDA:278,32,0,0
BRDA:278,32,1,0
BRDA:278,32,2,0
BRDA:288,33,0,0
BRDA:288,33,1,0
BRDA:300,34,0,0
BRDA:300,34,1,0
BRDA:301,35,0,0
BRDA:301,35,1,0
BRDA:302,36,0,0
BRDA:302,36,1,0
BRDA:319,37,0,0
BRDA:319,37,1,0
BRDA:329,38,0,0
BRDA:329,38,1,0
BRDA:330,39,0,0
BRDA:330,39,1,0
BRDA:331,40,0,0
BRDA:331,40,1,0
BRDA:336,41,0,0
BRDA:336,41,1,0
BRDA:338,42,0,0
BRDA:338,42,1,0
BRDA:376,43,0,0
BRDA:376,43,1,0
BRDA:378,44,0,0
BRDA:378,44,1,0
BRDA:386,45,0,0
BRDA:386,45,1,0
BRDA:390,46,0,0
BRDA:390,46,1,0
BRDA:392,47,0,0
BRDA:392,47,1,0
BRDA:437,48,0,0
BRDA:437,48,1,0
BRDA:454,49,0,0
BRDA:454,49,1,0
BRDA:456,50,0,0
BRDA:456,50,1,0
BRDA:463,51,0,0
BRDA:463,51,1,0
BRDA:463,52,0,0
BRDA:463,52,1,0
BRDA:467,53,0,0
BRDA:467,53,1,0
BRDA:483,54,0,0
BRDA:483,54,1,0
BRDA:483,55,0,0
BRDA:483,55,1,0
BRDA:484,56,0,0
BRDA:484,56,1,0
BRDA:485,57,0,0
BRDA:485,57,1,0
BRDA:498,58,0,0
BRDA:498,58,1,0
BRDA:499,59,0,0
BRDA:499,59,1,0
BRDA:500,60,0,0
BRDA:500,60,1,0
BRF:124
BRH:0
end_of_record
TN:
SF:controllers/clienteController.js
FN:4,idValido
FN:11,(anonymous_1)
FN:26,(anonymous_2)
FN:41,(anonymous_3)
FN:65,(anonymous_4)
FN:86,(anonymous_5)
FN:134,(anonymous_6)
FNF:7
FNH:0
FNDA:0,idValido
FNDA:0,(anonymous_1)
FNDA:0,(anonymous_2)
FNDA:0,(anonymous_3)
FNDA:0,(anonymous_4)
FNDA:0,(anonymous_5)
FNDA:0,(anonymous_6)
DA:1,0
DA:2,0
DA:5,0
DA:11,0
DA:12,0
DA:13,0
DA:16,0
DA:18,0
DA:19,0
DA:26,0
DA:27,0
DA:28,0
DA:31,0
DA:33,0
DA:34,0
DA:41,0
DA:42,0
DA:43,0
DA:45,0
DA:46,0
DA:49,0
DA:50,0
DA:55,0
DA:57,0
DA:58,0
DA:65,0
DA:66,0
DA:67,0
DA:68,0
DA:71,0
DA:72,0
DA:73,0
DA:74,0
DA:76,0
DA:78,0
DA:79,0
DA:86,0
DA:87,0
DA:88,0
DA:90,0
DA:91,0
DA:94,0
DA:95,0
DA:98,0
DA:99,0
DA:100,0
DA:101,0
DA:104,0
DA:107,0
DA:109,0
DA:110,0
DA:111,0
DA:112,0
DA:115,0
DA:118,0
DA:124,0
DA:126,0
DA:127,0
DA:134,0
DA:135,0
DA:137,0
DA:138,0
DA:141,0
DA:142,0
DA:143,0
DA:144,0
DA:148,0
DA:149,0
DA:150,0
DA:151,0
DA:155,0
DA:156,0
DA:158,0
DA:159,0
LF:74
LH:0
BRDA:43,0,0,0
BRDA:43,0,1,0
BRDA:45,1,0,0
BRDA:45,1,1,0
BRDA:45,2,0,0
BRDA:45,2,1,0
BRDA:53,3,0,0
BRDA:53,3,1,0
BRDA:53,4,0,0
BRDA:53,4,1,0
BRDA:67,5,0,0
BRDA:67,5,1,0
BRDA:73,6,0,0
BRDA:73,6,1,0
BRDA:90,7,0,0
BRDA:90,7,1,0
BRDA:94,8,0,0
BRDA:94,8,1,0
BRDA:94,9,0,0
BRDA:94,9,1,0
BRDA:100,10,0,0
BRDA:100,10,1,0
BRDA:107,11,0,0
BRDA:107,11,1,0
BRDA:109,12,0,0
BRDA:109,12,1,0
BRDA:121,13,0,0
BRDA:121,13,1,0
BRDA:121,14,0,0
BRDA:121,14,1,0
BRDA:121,15,0,0
BRDA:121,15,1,0
BRDA:137,16,0,0
BRDA:137,16,1,0
BRDA:143,17,0,0
BRDA:143,17,1,0
BRDA:148,18,0,0
BRDA:148,18,1,0
BRF:38
BRH:0
end_of_record
TN:
SF:controllers/compradorController.js
FN:1,idValido
FN:5,(anonymous_1)
FN:60,(anonymous_2)
FNF:3
FNH:0
FNDA:0,idValido
FNDA:0,(anonymous_1)
FNDA:0,(anonymous_2)
DA:2,0
DA:5,0
DA:6,0
DA:7,0
DA:10,0
DA:11,0
DA:22,0
DA:24,0
DA:34,0
DA:37,0
DA:48,0
DA:55,0
DA:56,0
DA:60,0
DA:61,0
DA:62,0
DA:64,0
DA:65,0
DA:106,0
DA:107,0
DA:110,0
DA:118,0
DA:119,0
LF:23
LH:0
BRDA:7,0,0,0
BRDA:7,0,1,0
BRDA:10,1,0,0
BRDA:10,1,1,0
BRDA:62,2,0,0
BRDA:62,2,1,0
BRDA:106,3,0,0
BRDA:106,3,1,0
BRF:8
BRH:0
end_of_record
TN:
SF:controllers/configController.js
FN:1,getConfigs
FN:5,(anonymous_1)
FN:14,(anonymous_2)
FN:29,(anonymous_3)
FN:77,(anonymous_4)
FN:106,(anonymous_5)
FN:127,(anonymous_6)
FNF:7
FNH:0
FNDA:0,getConfigs
FNDA:0,(anonymous_1)
FNDA:0,(anonymous_2)
FNDA:0,(anonymous_3)
FNDA:0,(anonymous_4)
FNDA:0,(anonymous_5)
FNDA:0,(anonymous_6)
DA:2,0
DA:3,0
DA:4,0
DA:5,0
DA:6,0
DA:8,0
DA:12,0
DA:14,0
DA:15,0
DA:16,0
DA:17,0
DA:24,0
DA:25,0
DA:29,0
DA:30,0
DA:33,0
DA:34,0
DA:35,0
DA:36,0
DA:37,0
DA:39,0
DA:45,0
DA:51,0
DA:57,0
DA:63,0
DA:71,0
DA:72,0
DA:73,0
DA:74,0
DA:75,0
DA:76,0
DA:77,0
DA:78,0
DA:79,0
DA:81,0
DA:82,0
DA:83,0
DA:84,0
DA:86,0
DA:89,0
DA:91,0
DA:94,0
DA:102,0
DA:103,0
DA:104,0
DA:105,0
DA:106,0
DA:107,0
DA:108,0
DA:110,0
DA:112,0
DA:113,0
DA:114,0
DA:117,0
DA:124,0
DA:127,0
DA:133,0
DA:134,0
DA:135,0
DA:150,0
DA:151,0
DA:156,0
DA:158,0
DA:159,0
LF:64
LH:0
BRDA:33,0,0,0
BRDA:33,0,1,0
BRDA:34,1,0,0
BRDA:34,1,1,0
BRDA:35,2,0,0
BRDA:35,2,1,0
BRDA:36,3,0,0
BRDA:36,3,1,0
BRDA:37,4,0,0
BRDA:37,4,1,0
BRDA:42,5,0,0
BRDA:42,5,1,0
BRDA:43,6,0,0
BRDA:43,6,1,0
BRDA:48,7,0,0
BRDA:48,7,1,0
BRDA:49,8,0,0
BRDA:49,8,1,0
BRDA:54,9,0,0
BRDA:54,9,1,0
BRDA:55,10,0,0
BRDA:55,10,1,0
BRDA:60,11,0,0
BRDA:60,11,1,0
BRDA:61,12,0,0
BRDA:61,12,1,0
BRDA:66,13,0,0
BRDA:66,13,1,0
BRDA:67,14,0,0
BRDA:67,14,1,0
BRDA:72,15,0,0
BRDA:72,15,1,0
BRDA:78,16,0,0
BRDA:78,16,1,0
BRDA:78,16,2,0
BRDA:79,17,0,0
BRDA:79,17,1,0
BRDA:81,18,0,0
BRDA:81,18,1,0
BRDA:81,19,0,0
BRDA:81,19,1,0
BRDA:81,19,2,0
BRDA:83,20,0,0
BRDA:83,20,1,0
BRDA:83,21,0,0
BRDA:83,21,1,0
BRDA:89,22,0,0
BRDA:89,22,1,0
BRDA:91,23,0,0
BRDA:91,23,1,0
BRDA:97,24,0,0
BRDA:97,24,1,0
BRDA:97,25,0,0
BRDA:97,25,1,0
BRDA:98,26,0,0
BRDA:98,26,1,0
BRDA:98,27,0,0
BRDA:98,27,1,0
BRDA:103,28,0,0
BRDA:103,28,1,0
BRDA:107,29,0,0
BRDA:107,29,1,0
BRDA:107,30,0,0
BRDA:107,30,1,0
BRDA:110,31,0,0
BRDA:110,31,1,0
BRDA:112,32,0,0
BRDA:112,32,1,0
BRDA:113,33,0,0
BRDA:113,33,1,0
BRDA:113,34,0,0
BRDA:113,34,1,0
BRDA:114,35,0,0
BRDA:114,35,1,0
BRDA:120,36,0,0
BRDA:120,36,1,0
BRDA:120,37,0,0
BRDA:120,37,1,0
BRDA:121,38,0,0
BRDA:121,38,1,0
BRDA:121,39,0,0
BRDA:121,39,1,0
BRDA:136,40,0,0
BRDA:136,40,1,0
BRDA:137,41,0,0
BRDA:137,41,1,0
BRDA:138,42,0,0
BRDA:138,42,1,0
BRDA:139,43,0,0
BRDA:139,43,1,0
BRDA:140,44,0,0
BRDA:140,44,1,0
BRDA:141,45,0,0
BRDA:141,45,1,0
BRDA:142,46,0,0
BRDA:142,46,1,0
BRDA:143,47,0,0
BRDA:143,47,1,0
BRDA:144,48,0,0
BRDA:144,48,1,0
BRDA:145,49,0,0
BRDA:145,49,1,0
BRDA:146,50,0,0
BRDA:146,50,1,0
BRDA:147,51,0,0
BRDA:147,51,1,0
BRDA:148,52,0,0
BRDA:148,52,1,0
BRF:108
BRH:0
end_of_record
TN:
SF:controllers/produtoController.js
FN:8,(anonymous_0)
FN:19,(anonymous_1)
FN:69,(anonymous_2)
FN:107,(anonymous_3)
FN:130,(anonymous_4)
FN:152,(anonymous_5)
FN:184,(anonymous_6)
FN:206,(anonymous_7)
FN:237,(anonymous_8)
FN:275,(anonymous_9)
FN:297,(anonymous_10)
FNF:11
FNH:0
FNDA:0,(anonymous_0)
FNDA:0,(anonymous_1)
FNDA:0,(anonymous_2)
FNDA:0,(anonymous_3)
FNDA:0,(anonymous_4)
FNDA:0,(anonymous_5)
FNDA:0,(anonymous_6)
FNDA:0,(anonymous_7)
FNDA:0,(anonymous_8)
FNDA:0,(anonymous_9)
FNDA:0,(anonymous_10)
DA:1,0
DA:2,0
DA:3,0
DA:8,0
DA:9,0
DA:10,0
DA:19,0
DA:31,0
DA:32,0
DA:33,0
DA:34,0
DA:36,0
DA:38,0
DA:39,0
DA:40,0
DA:42,0
DA:43,0
DA:44,0
DA:49,0
DA:50,0
DA:51,0
DA:58,0
DA:60,0
DA:61,0
DA:69,0
DA:70,0
DA:73,0
DA:88,0
DA:98,0
DA:99,0
DA:107,0
DA:108,0
DA:109,0
DA:119,0
DA:121,0
DA:122,0
DA:130,0
DA:131,0
DA:132,0
DA:133,0
DA:138,0
DA:139,0
DA:141,0
DA:143,0
DA:144,0
DA:152,0
DA:153,0
DA:154,0
DA:155,0
DA:158,0
DA:159,0
DA:164,0
DA:165,0
DA:166,0
DA:167,0
DA:173,0
DA:175,0
DA:176,0
DA:184,0
DA:185,0
DA:186,0
DA:187,0
DA:192,0
DA:193,0
DA:195,0
DA:197,0
DA:198,0
DA:206,0
DA:207,0
DA:208,0
DA:209,0
DA:210,0
DA:213,0
DA:214,0
DA:218,0
DA:219,0
DA:220,0
DA:226,0
DA:228,0
DA:229,0
DA:237,0
DA:238,0
DA:239,0
DA:240,0
DA:241,0
DA:242,0
DA:243,0
DA:247,0
DA:252,0
DA:253,0
DA:254,0
DA:255,0
DA:256,0
DA:261,0
DA:265,0
DA:267,0
DA:268,0
DA:275,0
DA:276,0
DA:277,0
DA:278,0
DA:281,0
DA:282,0
DA:283,0
DA:285,0
DA:286,0
DA:288,0
DA:289,0
DA:297,0
DA:298,0
DA:299,0
DA:300,0
DA:301,0
DA:304,0
DA:305,0
DA:306,0
DA:307,0
DA:309,0
DA:311,0
DA:312,0
LF:120
LH:0
BRDA:33,0,0,0
BRDA:33,0,1,0
BRDA:89,1,0,0
BRDA:89,1,1,0
BRDA:90,2,0,0
BRDA:90,2,1,0
BRDA:91,3,0,0
BRDA:91,3,1,0
BRDA:92,4,0,0
BRDA:92,4,1,0
BRDA:93,5,0,0
BRDA:93,5,1,0
BRDA:94,6,0,0
BRDA:94,6,1,0
BRDA:138,7,0,0
BRDA:138,7,1,0
BRDA:156,8,0,0
BRDA:156,8,1,0
BRDA:158,9,0,0
BRDA:158,9,1,0
BRDA:158,10,0,0
BRDA:158,10,1,0
BRDA:162,11,0,0
BRDA:162,11,1,0
BRDA:162,12,0,0
BRDA:162,12,1,0
BRDA:165,13,0,0
BRDA:165,13,1,0
BRDA:165,14,0,0
BRDA:165,14,1,0
BRDA:192,15,0,0
BRDA:192,15,1,0
BRDA:211,16,0,0
BRDA:211,16,1,0
BRDA:213,17,0,0
BRDA:213,17,1,0
BRDA:213,18,0,0
BRDA:213,18,1,0
BRDA:216,19,0,0
BRDA:216,19,1,0
BRDA:216,20,0,0
BRDA:216,20,1,0
BRDA:218,21,0,0
BRDA:218,21,1,0
BRDA:218,22,0,0
BRDA:218,22,1,0
BRDA:242,23,0,0
BRDA:242,23,1,0
BRDA:243,24,0,0
BRDA:243,24,1,0
BRDA:243,25,0,0
BRDA:243,25,1,0
BRDA:243,25,2,0
BRDA:252,26,0,0
BRDA:252,26,1,0
BRDA:253,27,0,0
BRDA:253,27,1,0
BRDA:254,28,0,0
BRDA:254,28,1,0
BRDA:258,29,0,0
BRDA:258,29,1,0
BRDA:304,30,0,0
BRDA:304,30,1,0
BRF:63
BRH:0
end_of_record
TN:
SF:controllers/relatorioController.js
FN:21,parseDatas
FN:36,fmtDate
FN:40,fmtMoeda
FN:45,(anonymous_3)
FN:87,(anonymous_4)
FN:100,(anonymous_5)
FN:119,(anonymous_6)
FN:132,(anonymous_7)
FN:148,(anonymous_8)
FN:156,(anonymous_9)
FN:158,(anonymous_10)
FN:166,(anonymous_11)
FN:174,(anonymous_12)
FN:192,(anonymous_13)
FN:192,(anonymous_14)
FN:207,getDadosVendas
FN:256,getDadosEstoque
FN:285,getDadosEntregas
FN:314,getDadosProdutos
FN:348,getDadosFinanceiro
FN:400,getDadosClientes
FN:436,getDadosAgendamentos
FNF:22
FNH:0
FNDA:0,parseDatas
FNDA:0,fmtDate
FNDA:0,fmtMoeda
FNDA:0,(anonymous_3)
FNDA:0,(anonymous_4)
FNDA:0,(anonymous_5)
FNDA:0,(anonymous_6)
FNDA:0,(anonymous_7)
FNDA:0,(anonymous_8)
FNDA:0,(anonymous_9)
FNDA:0,(anonymous_10)
FNDA:0,(anonymous_11)
FNDA:0,(anonymous_12)
FNDA:0,(anonymous_13)
FNDA:0,(anonymous_14)
FNDA:0,getDadosVendas
FNDA:0,getDadosEstoque
FNDA:0,getDadosEntregas
FNDA:0,getDadosProdutos
FNDA:0,getDadosFinanceiro
FNDA:0,getDadosClientes
FNDA:0,getDadosAgendamentos
DA:1,0
DA:4,0
DA:12,0
DA:22,0
DA:23,0
DA:24,0
DA:26,0
DA:29,0
DA:33,0
DA:37,0
DA:41,0
DA:45,0
DA:46,0
DA:47,0
DA:48,0
DA:49,0
DA:51,0
DA:53,0
DA:54,0
DA:55,0
DA:56,0
DA:57,0
DA:58,0
DA:59,0
DA:60,0
DA:61,0
DA:62,0
DA:63,0
DA:64,0
DA:65,0
DA:66,0
DA:67,0
DA:70,0
DA:71,0
DA:74,0
DA:87,0
DA:88,0
DA:89,0
DA:90,0
DA:92,0
DA:93,0
DA:94,0
DA:96,0
DA:97,0
DA:98,0
DA:100,0
DA:113,0
DA:115,0
DA:116,0
DA:117,0
DA:119,0
DA:126,0
DA:128,0
DA:129,0
DA:130,0
DA:132,0
DA:142,0
DA:144,0
DA:145,0
DA:146,0
DA:148,0
DA:150,0
DA:152,0
DA:153,0
DA:154,0
DA:156,0
DA:158,0
DA:160,0
DA:162,0
DA:163,0
DA:164,0
DA:166,0
DA:168,0
DA:170,0
DA:171,0
DA:172,0
DA:174,0
DA:187,0
DA:190,0
DA:191,0
DA:192,0
DA:195,0
DA:196,0
DA:197,0
DA:200,0
DA:201,0
DA:208,0
DA:249,0
DA:258,0
DA:259,0
DA:260,0
DA:263,0
DA:282,0
DA:286,0
DA:311,0
DA:315,0
DA:345,0
DA:349,0
DA:392,0
DA:401,0
DA:425,0
DA:429,0
DA:437,0
DA:489,0
LF:104
LH:0
BRDA:26,0,0,0
BRDA:26,0,1,0
BRDA:29,1,0,0
BRDA:29,1,1,0
BRDA:41,2,0,0
BRDA:41,2,1,0
BRDA:46,3,0,0
BRDA:46,3,1,0
BRDA:54,4,0,0
BRDA:54,4,1,0
BRDA:56,5,0,0
BRDA:56,5,1,0
BRDA:57,6,0,0
BRDA:57,6,1,0
BRDA:58,7,0,0
BRDA:58,7,1,0
BRDA:60,8,0,0
BRDA:60,8,1,0
BRDA:62,9,0,0
BRDA:62,9,1,0
BRDA:64,10,0,0
BRDA:64,10,1,0
BRDA:66,11,0,0
BRDA:66,11,1,0
BRDA:81,12,0,0
BRDA:81,12,1,0
BRDA:96,13,0,0
BRDA:96,13,1,0
BRDA:109,14,0,0
BRDA:109,14,1,0
BRDA:110,15,0,0
BRDA:110,15,1,0
BRDA:115,16,0,0
BRDA:115,16,1,0
BRDA:121,17,0,0
BRDA:121,17,1,0
BRDA:122,18,0,0
BRDA:122,18,1,0
BRDA:123,19,0,0
BRDA:123,19,1,0
BRDA:123,20,0,0
BRDA:123,20,1,0
BRDA:123,21,0,0
BRDA:123,21,1,0
BRDA:128,22,0,0
BRDA:128,22,1,0
BRDA:136,23,0,0
BRDA:136,23,1,0
BRDA:137,24,0,0
BRDA:137,24,1,0
BRDA:138,25,0,0
BRDA:138,25,1,0
BRDA:138,26,0,0
BRDA:138,26,1,0
BRDA:144,27,0,0
BRDA:144,27,1,0
BRDA:152,28,0,0
BRDA:152,28,1,0
BRDA:156,29,0,0
BRDA:156,29,1,0
BRDA:162,30,0,0
BRDA:162,30,1,0
BRDA:170,31,0,0
BRDA:170,31,1,0
BRDA:178,32,0,0
BRDA:178,32,1,0
BRDA:183,33,0,0
BRDA:183,33,1,0
BRDA:184,34,0,0
BRDA:184,34,1,0
BRDA:192,35,0,0
BRDA:192,35,1,0
BRDA:258,36,0,0
BRDA:258,36,1,0
BRDA:259,37,0,0
BRDA:259,37,1,0
BRDA:432,38,0,0
BRDA:432,38,1,0
BRF:78
BRH:0
end_of_record
TN:
SF:middlewares/auth.js
FN:1,requireAuth
FN:7,requireAdmin
FN:16,requireGuest
FNF:3
FNH:0
FNDA:0,requireAuth
FNDA:0,requireAdmin
FNDA:0,requireGuest
DA:2,0
DA:3,0
DA:4,0
DA:8,0
DA:9,0
DA:10,0
DA:11,0
DA:13,0
DA:17,0
DA:18,0
DA:21,0
LF:11
LH:0
BRDA:2,0,0,0
BRDA:2,0,1,0
BRDA:2,1,0,0
BRDA:2,1,1,0
BRDA:8,2,0,0
BRDA:8,2,1,0
BRDA:8,3,0,0
BRDA:8,3,1,0
BRDA:8,3,2,0
BRDA:9,4,0,0
BRDA:9,4,1,0
BRDA:9,5,0,0
BRDA:9,5,1,0
BRDA:17,6,0,0
BRDA:17,6,1,0
BRDA:17,7,0,0
BRDA:17,7,1,0
BRF:17
BRH:0
end_of_record
TN:
SF:middlewares/rateLimiter.js
FNF:0
FNH:0
DA:1,1
DA:3,1
DA:12,1
DA:20,1
DA:29,1
DA:37,1
LF:6
LH:6
BRF:0
BRH:0
end_of_record
TN:
SF:middlewares/tenant.js
FN:5,resolveSlug
FN:26,tenantMiddleware
FNF:2
FNH:0
FNDA:0,resolveSlug
FNDA:0,tenantMiddleware
DA:1,0
DA:7,0
DA:10,0
DA:13,0
DA:16,0
DA:17,0
DA:18,0
DA:19,0
DA:21,0
DA:23,0
DA:27,0
DA:29,0
DA:30,0
DA:31,0
DA:33,0
DA:38,0
DA:39,0
DA:40,0
DA:41,0
DA:43,0
DA:44,0
DA:45,0
DA:49,0
LF:23
LH:0
BRDA:7,0,0,0
BRDA:7,0,1,0
BRDA:10,1,0,0
BRDA:10,1,1,0
BRDA:13,2,0,0
BRDA:13,2,1,0
BRDA:16,3,0,0
BRDA:16,3,1,0
BRDA:19,4,0,0
BRDA:19,4,1,0
BRDA:19,4,2,0
BRDA:19,4,3,0
BRDA:21,5,0,0
BRDA:21,5,1,0
BRDA:29,6,0,0
BRDA:29,6,1,0
BRDA:30,7,0,0
BRDA:30,7,1,0
BRDA:44,8,0,0
BRDA:44,8,1,0
BRF:20
BRH:0
end_of_record
TN:
SF:middlewares/upload.js
FN:8,(anonymous_0)
FN:11,(anonymous_1)
FN:17,(anonymous_2)
FNF:3
FNH:0
FNDA:0,(anonymous_0)
FNDA:0,(anonymous_1)
FNDA:0,(anonymous_2)
DA:1,0
DA:2,0
DA:4,0
DA:5,0
DA:7,0
DA:9,0
DA:12,0
DA:13,0
DA:17,0
DA:18,0
DA:19,0
DA:21,0
DA:25,0
LF:13
LH:0
BRDA:18,0,0,0
BRDA:18,0,1,0
BRF:2
BRH:0
end_of_record
TN:
SF:middlewares/validation.js
FN:3,validateEmail
FN:8,validateCEP
FN:12,validateCPF
FN:29,sanitizeString
FN:34,validateCheckoutData
FNF:5
FNH:5
FNDA:32,validateEmail
FNDA:30,validateCEP
FNDA:15,validateCPF
FNDA:8,sanitizeString
FNDA:24,validateCheckoutData
DA:4,32
DA:5,32
DA:9,30
DA:13,15
DA:14,12
DA:15,12
DA:16,7
DA:18,63
DA:19,7
DA:20,7
DA:21,7
DA:22,7
DA:23,70
DA:24,7
DA:25,7
DA:26,7
DA:30,8
DA:31,5
DA:35,24
DA:38,24
DA:39,2
DA:42,24
DA:43,3
DA:46,24
DA:47,3
DA:50,24
DA:51,0
DA:54,24
DA:55,0
DA:58,24
DA:59,0
DA:62,24
DA:63,3
DA:66,24
DA:67,4
DA:71,24
DA:72,1
DA:75,24
DA:78,2
LF:39
LH:36
BRDA:13,0,0,3
BRDA:13,0,1,12
BRDA:13,1,0,15
BRDA:13,1,1,13
BRDA:15,2,0,5
BRDA:15,2,1,7
BRDA:15,3,0,12
BRDA:15,3,1,10
BRDA:20,4,0,1
BRDA:20,4,1,6
BRDA:20,5,0,7
BRDA:20,5,1,6
BRDA:21,6,0,0
BRDA:21,6,1,7
BRDA:25,7,0,0
BRDA:25,7,1,7
BRDA:25,8,0,7
BRDA:25,8,1,7
BRDA:29,9,0,7
BRDA:30,10,0,3
BRDA:30,10,1,5
BRDA:38,11,0,2
BRDA:38,11,1,22
BRDA:38,12,0,24
BRDA:38,12,1,24
BRDA:42,13,0,3
BRDA:42,13,1,21
BRDA:46,14,0,3
BRDA:46,14,1,21
BRDA:50,15,0,0
BRDA:50,15,1,24
BRDA:50,16,0,24
BRDA:50,16,1,24
BRDA:54,17,0,0
BRDA:54,17,1,24
BRDA:54,18,0,24
BRDA:54,18,1,24
BRDA:58,19,0,0
BRDA:58,19,1,24
BRDA:58,20,0,24
BRDA:58,20,1,24
BRDA:62,21,0,3
BRDA:62,21,1,21
BRDA:62,22,0,24
BRDA:62,22,1,24
BRDA:66,23,0,4
BRDA:66,23,1,20
BRDA:71,24,0,1
BRDA:71,24,1,23
BRDA:71,25,0,24
BRDA:71,25,1,7
BRF:51
BRH:46
end_of_record
TN:
SF:services/billingService.js
FN:8,(anonymous_0)
FN:53,(anonymous_1)
FN:180,(anonymous_2)
FN:225,(anonymous_3)
FN:279,(anonymous_4)
FN:311,(anonymous_5)
FN:354,(anonymous_6)
FNF:7
FNH:0
FNDA:0,(anonymous_0)
FNDA:0,(anonymous_1)
FNDA:0,(anonymous_2)
FNDA:0,(anonymous_3)
FNDA:0,(anonymous_4)
FNDA:0,(anonymous_5)
FNDA:0,(anonymous_6)
DA:1,0
DA:9,0
DA:11,0
DA:18,0
DA:19,0
DA:20,0
DA:23,0
DA:26,0
DA:27,0
DA:30,0
DA:31,0
DA:34,0
DA:41,0
DA:42,0
DA:44,0
DA:45,0
DA:54,0
DA:55,0
DA:57,0
DA:58,0
DA:61,0
DA:68,0
DA:69,0
DA:72,0
DA:73,0
DA:75,0
DA:84,0
DA:85,0
DA:86,0
DA:87,0
DA:88,0
DA:90,0
DA:100,0
DA:101,0
DA:102,0
DA:103,0
DA:104,0
DA:105,0
DA:106,0
DA:108,0
DA:110,0
DA:112,0
DA:122,0
DA:123,0
DA:124,0
DA:125,0
DA:126,0
DA:129,0
DA:130,0
DA:134,0
DA:155,0
DA:161,0
DA:163,0
DA:164,0
DA:166,0
DA:167,0
DA:169,0
DA:172,0
DA:173,0
DA:181,0
DA:183,0
DA:188,0
DA:189,0
DA:192,0
DA:195,0
DA:214,0
DA:215,0
DA:217,0
DA:218,0
DA:226,0
DA:227,0
DA:228,0
DA:231,0
DA:249,0
DA:250,0
DA:253,0
DA:254,0
DA:271,0
DA:272,0
DA:280,0
DA:281,0
DA:301,0
DA:303,0
DA:304,0
DA:312,0
DA:313,0
DA:314,0
DA:317,0
DA:330,0
DA:331,0
DA:346,0
DA:347,0
DA:356,0
DA:357,0
DA:361,0
LF:95
LH:0
BRDA:18,0,0,0
BRDA:18,0,1,0
BRDA:26,1,0,0
BRDA:26,1,1,0
BRDA:26,2,0,0
BRDA:26,2,1,0
BRDA:68,3,0,0
BRDA:68,3,1,0
BRDA:84,4,0,0
BRDA:84,4,1,0
BRDA:88,5,0,0
BRDA:88,5,1,0
BRDA:100,6,0,0
BRDA:100,6,1,0
BRDA:102,7,0,0
BRDA:102,7,1,0
BRDA:104,8,0,0
BRDA:104,8,1,0
BRDA:108,9,0,0
BRDA:108,9,1,0
BRDA:122,10,0,0
BRDA:122,10,1,0
BRDA:124,11,0,0
BRDA:124,11,1,0
BRDA:126,12,0,0
BRDA:126,12,1,0
BRDA:129,13,0,0
BRDA:129,13,1,0
BRDA:129,14,0,0
BRDA:129,14,1,0
BRDA:146,15,0,0
BRDA:146,15,1,0
BRDA:147,16,0,0
BRDA:147,16,1,0
BRDA:148,17,0,0
BRDA:148,17,1,0
BRDA:149,18,0,0
BRDA:149,18,1,0
BRDA:188,19,0,0
BRDA:188,19,1,0
BRDA:225,20,0,0
BRDA:227,21,0,0
BRDA:227,21,1,0
BRDA:249,22,0,0
BRDA:249,22,1,0
BRDA:279,23,0,0
BRDA:311,24,0,0
BRDA:313,25,0,0
BRDA:313,25,1,0
BRDA:333,26,0,0
BRDA:333,26,1,0
BRDA:335,27,0,0
BRDA:335,27,1,0
BRDA:336,28,0,0
BRDA:336,28,1,0
BRDA:337,29,0,0
BRDA:337,29,1,0
BRDA:338,30,0,0
BRDA:338,30,1,0
BRDA:341,31,0,0
BRDA:341,31,1,0
BRDA:342,32,0,0
BRDA:342,32,1,0
BRF:63
BRH:0
end_of_record
TN:
SF:services/emailService.js
FN:13,enviarEmailRecuperacao
FN:40,enviarEmailBoasVindas
FN:58,enviarNotificacaoPedidoPago
FN:61,(anonymous_3)
FN:63,(anonymous_4)
FN:110,enviarEmailRastreio
FN:113,(anonymous_6)
FNF:7
FNH:0
FNDA:0,enviarEmailRecuperacao
FNDA:0,enviarEmailBoasVindas
FNDA:0,enviarNotificacaoPedidoPago
FNDA:0,(anonymous_3)
FNDA:0,(anonymous_4)
FNDA:0,enviarEmailRastreio
FNDA:0,(anonymous_6)
DA:1,0
DA:3,0
DA:14,0
DA:15,0
DA:16,0
DA:18,0
DA:41,0
DA:59,0
DA:61,0
DA:62,0
DA:63,0
DA:64,0
DA:70,0
DA:72,0
DA:111,0
DA:113,0
DA:115,0
DA:153,0
LF:18
LH:0
BRDA:4,0,0,0
BRDA:4,0,1,0
BRDA:5,1,0,0
BRDA:5,1,1,0
BRDA:14,2,0,0
BRDA:14,2,1,0
BRDA:16,3,0,0
BRDA:16,3,1,0
BRDA:19,4,0,0
BRDA:19,4,1,0
BRDA:42,5,0,0
BRDA:42,5,1,0
BRDA:50,6,0,0
BRDA:50,6,1,0
BRDA:59,7,0,0
BRDA:59,7,1,0
BRDA:70,8,0,0
BRDA:70,8,1,0
BRDA:73,9,0,0
BRDA:73,9,1,0
BRDA:95,10,0,0
BRDA:95,10,1,0
BRDA:111,11,0,0
BRDA:111,11,1,0
BRDA:116,12,0,0
BRDA:116,12,1,0
BRDA:141,13,0,0
BRDA:141,13,1,0
BRF:28
BRH:0
end_of_record
TN:
SF:services/freteService.js
FN:1,calcularViaMelhorEnvio
FN:29,(anonymous_1)
FN:36,(anonymous_2)
FN:37,(anonymous_3)
FN:46,calcularOpcoesFrete
FNF:5
FNH:0
FNDA:0,calcularViaMelhorEnvio
FNDA:0,(anonymous_1)
FNDA:0,(anonymous_2)
FNDA:0,(anonymous_3)
FNDA:0,calcularOpcoesFrete
DA:2,0
DA:6,0
DA:28,0
DA:29,0
DA:30,0
DA:33,0
DA:35,0
DA:36,0
DA:37,0
DA:47,0
DA:48,0
DA:50,0
DA:51,0
DA:52,0
DA:53,0
DA:56,0
DA:57,0
DA:61,0
DA:62,0
DA:63,0
DA:73,0
DA:75,0
DA:80,0
DA:81,0
DA:85,0
DA:88,0
LF:26
LH:0
BRDA:2,0,0,0
BRDA:2,0,1,0
BRDA:18,1,0,0
BRDA:18,1,1,0
BRDA:19,2,0,0
BRDA:19,2,1,0
BRDA:20,3,0,0
BRDA:20,3,1,0
BRDA:21,4,0,0
BRDA:21,4,1,0
BRDA:28,5,0,0
BRDA:28,5,1,0
BRDA:36,6,0,0
BRDA:36,6,1,0
BRDA:40,7,0,0
BRDA:40,7,1,0
BRDA:41,8,0,0
BRDA:41,8,1,0
BRDA:46,9,0,0
BRDA:46,10,0,0
BRDA:47,11,0,0
BRDA:47,11,1,0
BRDA:48,12,0,0
BRDA:48,12,1,0
BRDA:50,13,0,0
BRDA:50,13,1,0
BRDA:51,14,0,0
BRDA:51,14,1,0
BRDA:52,15,0,0
BRDA:52,15,1,0
BRDA:53,16,0,0
BRDA:53,16,1,0
BRDA:56,17,0,0
BRDA:56,17,1,0
BRDA:56,18,0,0
BRDA:56,18,1,0
BRDA:61,19,0,0
BRDA:61,19,1,0
BRDA:61,20,0,0
BRDA:61,20,1,0
BRDA:66,21,0,0
BRDA:66,21,1,0
BRDA:67,22,0,0
BRDA:67,22,1,0
BRDA:68,23,0,0
BRDA:68,23,1,0
BRDA:69,24,0,0
BRDA:69,24,1,0
BRDA:73,25,0,0
BRDA:73,25,1,0
BRDA:80,26,0,0
BRDA:80,26,1,0
BRF:52
BRH:0
end_of_record
TN:
SF:services/mercadoPagoService.js
FN:14,criarPagamentoPix
FN:34,criarPagamentoCartao
FN:55,criarBoleto
FN:83,consultarPagamento
FN:90,mapearStatus
FNF:5
FNH:0
FNDA:0,criarPagamentoPix
FNDA:0,criarPagamentoCartao
FNDA:0,criarBoleto
FNDA:0,consultarPagamento
FNDA:0,mapearStatus
DA:1,0
DA:3,0
DA:8,0
DA:9,0
DA:15,0
DA:28,0
DA:35,0
DA:49,0
DA:56,0
DA:77,0
DA:84,0
DA:91,0
DA:100,0
DA:103,0
LF:14
LH:0
BRDA:17,0,0,0
BRDA:17,0,1,0
BRDA:22,1,0,0
BRDA:22,1,1,0
BRDA:23,2,0,0
BRDA:23,2,1,0
BRDA:26,3,0,0
BRDA:26,3,1,0
BRDA:38,4,0,0
BRDA:38,4,1,0
BRDA:40,5,0,0
BRDA:40,5,1,0
BRDA:43,6,0,0
BRDA:43,6,1,0
BRDA:46,7,0,0
BRDA:46,7,1,0
BRDA:58,8,0,0
BRDA:58,8,1,0
BRDA:63,9,0,0
BRDA:63,9,1,0
BRDA:64,10,0,0
BRDA:64,10,1,0
BRDA:75,11,0,0
BRDA:75,11,1,0
BRDA:100,12,0,0
BRDA:100,12,1,0
BRF:26
BRH:0
end_of_record
TN:
SF:services/smsService.js
FN:3,getTwilioClient
FN:10,enviarSmsCodigo
FN:26,(anonymous_2)
FNF:3
FNH:0
FNDA:0,getTwilioClient
FNDA:0,enviarSmsCodigo
FNDA:0,(anonymous_2)
DA:1,0
DA:4,0
DA:5,0
DA:6,0
DA:7,0
DA:11,0
DA:12,0
DA:13,0
DA:14,0
DA:17,0
DA:23,0
DA:26,0
DA:28,0
LF:13
LH:0
BRDA:6,0,0,0
BRDA:6,0,1,0
BRDA:6,1,0,0
BRDA:6,1,1,0
BRDA:12,2,0,0
BRDA:12,2,1,0
BRDA:18,3,0,0
BRDA:18,3,1,0
BRDA:26,4,0,0
BRDA:26,4,1,0
BRF:10
BRH:0
end_of_record
TN:
SF:services/stripeService.js
FN:3,getStripe
FN:8,criarPagamentoPix
FN:21,criarPagamentoCartao
FN:34,criarBoleto
FN:60,consultarPagamento
FN:64,mapearStatus
FNF:6
FNH:0
FNDA:0,getStripe
FNDA:0,criarPagamentoPix
FNDA:0,criarPagamentoCartao
FNDA:0,criarBoleto
FNDA:0,consultarPagamento
FNDA:0,mapearStatus
DA:1,0
DA:4,0
DA:5,0
DA:9,0
DA:22,0
DA:35,0
DA:61,0
DA:65,0
DA:73,0
DA:76,0
LF:10
LH:0
BRDA:4,0,0,0
BRDA:4,0,1,0
BRDA:41,1,0,0
BRDA:41,1,1,0
BRDA:46,2,0,0
BRDA:46,2,1,0
BRDA:46,3,0,0
BRDA:46,3,1,0
BRDA:47,4,0,0
BRDA:47,4,1,0
BRDA:48,5,0,0
BRDA:48,5,1,0
BRDA:49,6,0,0
BRDA:49,6,1,0
BRDA:73,7,0,0
BRDA:73,7,1,0
BRF:16
BRH:0
end_of_record
TN:
SF:services/sumupService.js
FN:3,apiRequest
FN:5,(anonymous_1)
FN:18,(anonymous_2)
FN:20,(anonymous_3)
FN:21,(anonymous_4)
FN:43,merchantCode
FN:55,criarCheckoutOnline
FN:71,consultarCheckout
FN:106,mapearStatus
FNF:9
FNH:0
FNDA:0,apiRequest
FNDA:0,(anonymous_1)
FNDA:0,(anonymous_2)
FNDA:0,(anonymous_3)
FNDA:0,(anonymous_4)
FNDA:0,merchantCode
FNDA:0,criarCheckoutOnline
FNDA:0,consultarCheckout
FNDA:0,mapearStatus
DA:1,0
DA:4,0
DA:5,0
DA:6,0
DA:7,0
DA:18,0
DA:19,0
DA:20,0
DA:21,0
DA:22,0
DA:23,0
DA:24,0
DA:25,0
DA:26,0
DA:27,0
DA:28,0
DA:30,0
DA:33,0
DA:37,0
DA:38,0
DA:39,0
DA:44,0
DA:45,0
DA:46,0
DA:56,0
DA:72,0
DA:107,0
DA:124,0
DA:127,0
LF:29
LH:0
BRDA:6,0,0,0
BRDA:6,0,1,0
BRDA:15,1,0,0
BRDA:15,1,1,0
BRDA:24,2,0,0
BRDA:24,2,1,0
BRDA:25,3,0,0
BRDA:25,3,1,0
BRDA:25,3,2,0
BRDA:38,4,0,0
BRDA:38,4,1,0
BRDA:45,5,0,0
BRDA:45,5,1,0
BRDA:61,6,0,0
BRDA:61,6,1,0
BRDA:124,7,0,0
BRDA:124,7,1,0
BRF:17
BRH:0
end_of_record
